[1.192s] Invoking command in '/home/kimhoyun/DARAM-G/build/rover_control': PYTHONPATH=/home/kimhoyun/DARAM-G/build/rover_control/prefix_override:/usr/lib/python3/dist-packages/colcon_core/task/python/colcon_distutils_commands:/home/kimhoyun/DARAM-G/install/rover_control/lib/python3.10/site-packages:${PYTHONPATH} /usr/bin/python3 -W ignore:setup.py install is deprecated -W ignore:easy_install command is deprecated setup.py develop --editable --build-directory /home/kimhoyun/DARAM-G/build/rover_control/build --no-deps symlink_data
[1.336s] /home/kimhoyun/.local/lib/python3.10/site-packages/setuptools/_distutils/dist.py:289: UserWarning: Unknown distribution option: 'tests_require'
[1.336s]   warnings.warn(msg)
[1.505s] running develop
[1.707s] running egg_info
[1.727s] creating rover_control.egg-info
[1.727s] writing rover_control.egg-info/PKG-INFO
[1.728s] writing dependency_links to rover_control.egg-info/dependency_links.txt
[1.729s] writing requirements to rover_control.egg-info/requires.txt
[1.729s] writing top-level names to rover_control.egg-info/top_level.txt
[1.729s] writing manifest file 'rover_control.egg-info/SOURCES.txt'
[1.766s] reading manifest file 'rover_control.egg-info/SOURCES.txt'
[1.767s] writing manifest file 'rover_control.egg-info/SOURCES.txt'
[1.782s] running build_ext
[1.782s] Creating /home/kimhoyun/DARAM-G/install/rover_control/lib/python3.10/site-packages/rover-control.egg-link (link to .)
[1.783s] 
[1.783s] Installed /home/kimhoyun/DARAM-G/build/rover_control
[1.783s] running symlink_data
[1.783s] creating /home/kimhoyun/DARAM-G/install/rover_control/share/ament_index/resource_index/packages
[1.783s] symbolically linking /home/kimhoyun/DARAM-G/build/rover_control/resource/rover_control -> /home/kimhoyun/DARAM-G/install/rover_control/share/ament_index/resource_index/packages
[1.784s] symbolically linking /home/kimhoyun/DARAM-G/build/rover_control/package.xml -> /home/kimhoyun/DARAM-G/install/rover_control/share/rover_control
[1.850s] Invoked command in '/home/kimhoyun/DARAM-G/build/rover_control' returned '0': PYTHONPATH=/home/kimhoyun/DARAM-G/build/rover_control/prefix_override:/usr/lib/python3/dist-packages/colcon_core/task/python/colcon_distutils_commands:/home/kimhoyun/DARAM-G/install/rover_control/lib/python3.10/site-packages:${PYTHONPATH} /usr/bin/python3 -W ignore:setup.py install is deprecated -W ignore:easy_install command is deprecated setup.py develop --editable --build-directory /home/kimhoyun/DARAM-G/build/rover_control/build --no-deps symlink_data
