[0.100s] DEBUG:colcon:Command line arguments: ['/usr/bin/colcon', 'build', '--symlink-install']
[0.100s] DEBUG:colcon:Parsed command line arguments: Namespace(log_base=None, log_level=None, verb_name='build', build_base='build', install_base='install', merge_install=False, symlink_install=True, test_result_base=None, continue_on_error=False, executor='parallel', parallel_workers=16, event_handlers=None, ignore_user_meta=False, metas=['./colcon.meta'], base_paths=['.'], packages_ignore=None, packages_ignore_regex=None, paths=None, packages_up_to=None, packages_up_to_regex=None, packages_above=None, packages_above_and_dependencies=None, packages_above_depth=None, packages_select_by_dep=None, packages_skip_by_dep=None, packages_skip_up_to=None, packages_select_build_failed=False, packages_skip_build_finished=False, packages_select_test_failures=False, packages_skip_test_passed=False, packages_select=None, packages_skip=None, packages_select_regex=None, packages_skip_regex=None, packages_start=None, packages_end=None, allow_overriding=[], cmake_args=None, cmake_target=None, cmake_target_skip_unavailable=False, cmake_clean_cache=False, cmake_clean_first=False, cmake_force_configure=False, ament_cmake_args=None, catkin_cmake_args=None, catkin_skip_building_tests=False, mixin_files=None, mixin=None, verb_parser=<colcon_mixin.mixin.mixin_argument.MixinArgumentDecorator object at 0x78d169d4ddb0>, verb_extension=<colcon_core.verb.build.BuildVerb object at 0x78d169d4d7e0>, main=<bound method BuildVerb.main of <colcon_core.verb.build.BuildVerb object at 0x78d169d4d7e0>>, mixin_verb=('build',))
[0.133s] Level 1:colcon.colcon_core.package_discovery:discover_packages(colcon_meta) check parameters
[0.134s] Level 1:colcon.colcon_core.package_discovery:discover_packages(recursive) check parameters
[0.134s] Level 1:colcon.colcon_core.package_discovery:discover_packages(ignore) check parameters
[0.134s] Level 1:colcon.colcon_core.package_discovery:discover_packages(path) check parameters
[0.134s] Level 1:colcon.colcon_core.package_discovery:discover_packages(colcon_meta) discover
[0.134s] Level 1:colcon.colcon_core.package_discovery:discover_packages(recursive) discover
[0.134s] INFO:colcon.colcon_core.package_discovery:Crawling recursively for packages in '/home/kimhoyun/DARAM-G'
[0.134s] Level 1:colcon.colcon_core.package_identification:_identify(.) by extensions ['ignore', 'ignore_ament_install']
[0.134s] Level 1:colcon.colcon_core.package_identification:_identify(.) by extension 'ignore'
[0.134s] Level 1:colcon.colcon_core.package_identification:_identify(.) by extension 'ignore_ament_install'
[0.134s] Level 1:colcon.colcon_core.package_identification:_identify(.) by extensions ['colcon_pkg']
[0.134s] Level 1:colcon.colcon_core.package_identification:_identify(.) by extension 'colcon_pkg'
[0.134s] Level 1:colcon.colcon_core.package_identification:_identify(.) by extensions ['colcon_meta']
[0.134s] Level 1:colcon.colcon_core.package_identification:_identify(.) by extension 'colcon_meta'
[0.134s] Level 1:colcon.colcon_core.package_identification:_identify(.) by extensions ['ros']
[0.134s] Level 1:colcon.colcon_core.package_identification:_identify(.) by extension 'ros'
[0.146s] Level 1:colcon.colcon_core.package_identification:_identify(.) by extensions ['cmake', 'python']
[0.146s] Level 1:colcon.colcon_core.package_identification:_identify(.) by extension 'cmake'
[0.146s] Level 1:colcon.colcon_core.package_identification:_identify(.) by extension 'python'
[0.146s] Level 1:colcon.colcon_core.package_identification:_identify(.) by extensions ['python_setup_py']
[0.146s] Level 1:colcon.colcon_core.package_identification:_identify(.) by extension 'python_setup_py'
[0.146s] Level 1:colcon.colcon_core.package_identification:_identify(build) by extensions ['ignore', 'ignore_ament_install']
[0.146s] Level 1:colcon.colcon_core.package_identification:_identify(build) by extension 'ignore'
[0.146s] Level 1:colcon.colcon_core.package_identification:_identify(build) ignored
[0.146s] Level 1:colcon.colcon_core.package_identification:_identify(install) by extensions ['ignore', 'ignore_ament_install']
[0.146s] Level 1:colcon.colcon_core.package_identification:_identify(install) by extension 'ignore'
[0.147s] Level 1:colcon.colcon_core.package_identification:_identify(install) ignored
[0.147s] Level 1:colcon.colcon_core.package_identification:_identify(log) by extensions ['ignore', 'ignore_ament_install']
[0.147s] Level 1:colcon.colcon_core.package_identification:_identify(log) by extension 'ignore'
[0.147s] Level 1:colcon.colcon_core.package_identification:_identify(log) ignored
[0.147s] Level 1:colcon.colcon_core.package_identification:_identify(src) by extensions ['ignore', 'ignore_ament_install']
[0.147s] Level 1:colcon.colcon_core.package_identification:_identify(src) by extension 'ignore'
[0.147s] Level 1:colcon.colcon_core.package_identification:_identify(src) by extension 'ignore_ament_install'
[0.147s] Level 1:colcon.colcon_core.package_identification:_identify(src) by extensions ['colcon_pkg']
[0.147s] Level 1:colcon.colcon_core.package_identification:_identify(src) by extension 'colcon_pkg'
[0.147s] Level 1:colcon.colcon_core.package_identification:_identify(src) by extensions ['colcon_meta']
[0.147s] Level 1:colcon.colcon_core.package_identification:_identify(src) by extension 'colcon_meta'
[0.147s] Level 1:colcon.colcon_core.package_identification:_identify(src) by extensions ['ros']
[0.147s] Level 1:colcon.colcon_core.package_identification:_identify(src) by extension 'ros'
[0.147s] Level 1:colcon.colcon_core.package_identification:_identify(src) by extensions ['cmake', 'python']
[0.147s] Level 1:colcon.colcon_core.package_identification:_identify(src) by extension 'cmake'
[0.147s] Level 1:colcon.colcon_core.package_identification:_identify(src) by extension 'python'
[0.147s] Level 1:colcon.colcon_core.package_identification:_identify(src) by extensions ['python_setup_py']
[0.147s] Level 1:colcon.colcon_core.package_identification:_identify(src) by extension 'python_setup_py'
[0.147s] Level 1:colcon.colcon_core.package_identification:_identify(src/autonomous_exploration) by extensions ['ignore', 'ignore_ament_install']
[0.147s] Level 1:colcon.colcon_core.package_identification:_identify(src/autonomous_exploration) by extension 'ignore'
[0.147s] Level 1:colcon.colcon_core.package_identification:_identify(src/autonomous_exploration) by extension 'ignore_ament_install'
[0.148s] Level 1:colcon.colcon_core.package_identification:_identify(src/autonomous_exploration) by extensions ['colcon_pkg']
[0.148s] Level 1:colcon.colcon_core.package_identification:_identify(src/autonomous_exploration) by extension 'colcon_pkg'
[0.148s] Level 1:colcon.colcon_core.package_identification:_identify(src/autonomous_exploration) by extensions ['colcon_meta']
[0.148s] Level 1:colcon.colcon_core.package_identification:_identify(src/autonomous_exploration) by extension 'colcon_meta'
[0.148s] Level 1:colcon.colcon_core.package_identification:_identify(src/autonomous_exploration) by extensions ['ros']
[0.148s] Level 1:colcon.colcon_core.package_identification:_identify(src/autonomous_exploration) by extension 'ros'
[0.150s] DEBUG:colcon.colcon_core.package_identification:Package 'src/autonomous_exploration' with type 'ros.ament_python' and name 'autonomous_exploration'
[0.150s] Level 1:colcon.colcon_core.package_identification:_identify(src/daramg_bringup) by extensions ['ignore', 'ignore_ament_install']
[0.150s] Level 1:colcon.colcon_core.package_identification:_identify(src/daramg_bringup) by extension 'ignore'
[0.150s] Level 1:colcon.colcon_core.package_identification:_identify(src/daramg_bringup) by extension 'ignore_ament_install'
[0.150s] Level 1:colcon.colcon_core.package_identification:_identify(src/daramg_bringup) by extensions ['colcon_pkg']
[0.150s] Level 1:colcon.colcon_core.package_identification:_identify(src/daramg_bringup) by extension 'colcon_pkg'
[0.150s] Level 1:colcon.colcon_core.package_identification:_identify(src/daramg_bringup) by extensions ['colcon_meta']
[0.150s] Level 1:colcon.colcon_core.package_identification:_identify(src/daramg_bringup) by extension 'colcon_meta'
[0.150s] Level 1:colcon.colcon_core.package_identification:_identify(src/daramg_bringup) by extensions ['ros']
[0.150s] Level 1:colcon.colcon_core.package_identification:_identify(src/daramg_bringup) by extension 'ros'
[0.150s] DEBUG:colcon.colcon_core.package_identification:Package 'src/daramg_bringup' with type 'ros.ament_python' and name 'daramg_bringup'
[0.151s] Level 1:colcon.colcon_core.package_identification:_identify(src/daramg_sim) by extensions ['ignore', 'ignore_ament_install']
[0.151s] Level 1:colcon.colcon_core.package_identification:_identify(src/daramg_sim) by extension 'ignore'
[0.151s] Level 1:colcon.colcon_core.package_identification:_identify(src/daramg_sim) by extension 'ignore_ament_install'
[0.151s] Level 1:colcon.colcon_core.package_identification:_identify(src/daramg_sim) by extensions ['colcon_pkg']
[0.151s] Level 1:colcon.colcon_core.package_identification:_identify(src/daramg_sim) by extension 'colcon_pkg'
[0.151s] Level 1:colcon.colcon_core.package_identification:_identify(src/daramg_sim) by extensions ['colcon_meta']
[0.151s] Level 1:colcon.colcon_core.package_identification:_identify(src/daramg_sim) by extension 'colcon_meta'
[0.151s] Level 1:colcon.colcon_core.package_identification:_identify(src/daramg_sim) by extensions ['ros']
[0.151s] Level 1:colcon.colcon_core.package_identification:_identify(src/daramg_sim) by extension 'ros'
[0.151s] DEBUG:colcon.colcon_core.package_identification:Package 'src/daramg_sim' with type 'ros.ament_cmake' and name 'daramg_sim'
[0.151s] Level 1:colcon.colcon_core.package_identification:_identify(src/rover_control) by extensions ['ignore', 'ignore_ament_install']
[0.151s] Level 1:colcon.colcon_core.package_identification:_identify(src/rover_control) by extension 'ignore'
[0.151s] Level 1:colcon.colcon_core.package_identification:_identify(src/rover_control) by extension 'ignore_ament_install'
[0.152s] Level 1:colcon.colcon_core.package_identification:_identify(src/rover_control) by extensions ['colcon_pkg']
[0.152s] Level 1:colcon.colcon_core.package_identification:_identify(src/rover_control) by extension 'colcon_pkg'
[0.152s] Level 1:colcon.colcon_core.package_identification:_identify(src/rover_control) by extensions ['colcon_meta']
[0.152s] Level 1:colcon.colcon_core.package_identification:_identify(src/rover_control) by extension 'colcon_meta'
[0.152s] Level 1:colcon.colcon_core.package_identification:_identify(src/rover_control) by extensions ['ros']
[0.152s] Level 1:colcon.colcon_core.package_identification:_identify(src/rover_control) by extension 'ros'
[0.152s] DEBUG:colcon.colcon_core.package_identification:Package 'src/rover_control' with type 'ros.ament_python' and name 'rover_control'
[0.152s] Level 1:colcon.colcon_core.package_discovery:discover_packages(recursive) using defaults
[0.152s] Level 1:colcon.colcon_core.package_discovery:discover_packages(ignore) discover
[0.152s] Level 1:colcon.colcon_core.package_discovery:discover_packages(ignore) using defaults
[0.152s] Level 1:colcon.colcon_core.package_discovery:discover_packages(path) discover
[0.152s] Level 1:colcon.colcon_core.package_discovery:discover_packages(path) using defaults
[0.170s] Level 1:colcon.colcon_core.package_discovery:discover_packages(prefix_path) check parameters
[0.170s] Level 1:colcon.colcon_core.package_discovery:discover_packages(prefix_path) discover
[0.172s] DEBUG:colcon.colcon_installed_package_information.package_discovery:Found 13 installed packages in /home/kimhoyun/bridge_ws/install
[0.173s] DEBUG:colcon.colcon_installed_package_information.package_discovery:Found 6 installed packages in /home/kimhoyun/DOK4/install
[0.173s] DEBUG:colcon.colcon_installed_package_information.package_discovery:Found 2 installed packages in /home/kimhoyun/Gazebo_Harmonic_Rover/install
[0.174s] DEBUG:colcon.colcon_installed_package_information.package_discovery:Found 361 installed packages in /opt/ros/humble
[0.176s] Level 1:colcon.colcon_core.package_discovery:discover_packages(prefix_path) using defaults
[0.212s] Level 5:colcon.colcon_core.verb:set package 'autonomous_exploration' build argument 'cmake_args' from command line to 'None'
[0.212s] Level 5:colcon.colcon_core.verb:set package 'autonomous_exploration' build argument 'cmake_target' from command line to 'None'
[0.212s] Level 5:colcon.colcon_core.verb:set package 'autonomous_exploration' build argument 'cmake_target_skip_unavailable' from command line to 'False'
[0.212s] Level 5:colcon.colcon_core.verb:set package 'autonomous_exploration' build argument 'cmake_clean_cache' from command line to 'False'
[0.212s] Level 5:colcon.colcon_core.verb:set package 'autonomous_exploration' build argument 'cmake_clean_first' from command line to 'False'
[0.212s] Level 5:colcon.colcon_core.verb:set package 'autonomous_exploration' build argument 'cmake_force_configure' from command line to 'False'
[0.212s] Level 5:colcon.colcon_core.verb:set package 'autonomous_exploration' build argument 'ament_cmake_args' from command line to 'None'
[0.213s] Level 5:colcon.colcon_core.verb:set package 'autonomous_exploration' build argument 'catkin_cmake_args' from command line to 'None'
[0.213s] Level 5:colcon.colcon_core.verb:set package 'autonomous_exploration' build argument 'catkin_skip_building_tests' from command line to 'False'
[0.213s] DEBUG:colcon.colcon_core.verb:Building package 'autonomous_exploration' with the following arguments: {'ament_cmake_args': None, 'build_base': '/home/kimhoyun/DARAM-G/build/autonomous_exploration', 'catkin_cmake_args': None, 'catkin_skip_building_tests': False, 'cmake_args': None, 'cmake_clean_cache': False, 'cmake_clean_first': False, 'cmake_force_configure': False, 'cmake_target': None, 'cmake_target_skip_unavailable': False, 'install_base': '/home/kimhoyun/DARAM-G/install/autonomous_exploration', 'merge_install': False, 'path': '/home/kimhoyun/DARAM-G/src/autonomous_exploration', 'symlink_install': True, 'test_result_base': None}
[0.213s] Level 5:colcon.colcon_core.verb:set package 'daramg_bringup' build argument 'cmake_args' from command line to 'None'
[0.213s] Level 5:colcon.colcon_core.verb:set package 'daramg_bringup' build argument 'cmake_target' from command line to 'None'
[0.213s] Level 5:colcon.colcon_core.verb:set package 'daramg_bringup' build argument 'cmake_target_skip_unavailable' from command line to 'False'
[0.213s] Level 5:colcon.colcon_core.verb:set package 'daramg_bringup' build argument 'cmake_clean_cache' from command line to 'False'
[0.213s] Level 5:colcon.colcon_core.verb:set package 'daramg_bringup' build argument 'cmake_clean_first' from command line to 'False'
[0.213s] Level 5:colcon.colcon_core.verb:set package 'daramg_bringup' build argument 'cmake_force_configure' from command line to 'False'
[0.213s] Level 5:colcon.colcon_core.verb:set package 'daramg_bringup' build argument 'ament_cmake_args' from command line to 'None'
[0.213s] Level 5:colcon.colcon_core.verb:set package 'daramg_bringup' build argument 'catkin_cmake_args' from command line to 'None'
[0.213s] Level 5:colcon.colcon_core.verb:set package 'daramg_bringup' build argument 'catkin_skip_building_tests' from command line to 'False'
[0.213s] DEBUG:colcon.colcon_core.verb:Building package 'daramg_bringup' with the following arguments: {'ament_cmake_args': None, 'build_base': '/home/kimhoyun/DARAM-G/build/daramg_bringup', 'catkin_cmake_args': None, 'catkin_skip_building_tests': False, 'cmake_args': None, 'cmake_clean_cache': False, 'cmake_clean_first': False, 'cmake_force_configure': False, 'cmake_target': None, 'cmake_target_skip_unavailable': False, 'install_base': '/home/kimhoyun/DARAM-G/install/daramg_bringup', 'merge_install': False, 'path': '/home/kimhoyun/DARAM-G/src/daramg_bringup', 'symlink_install': True, 'test_result_base': None}
[0.213s] Level 5:colcon.colcon_core.verb:set package 'daramg_sim' build argument 'cmake_args' from command line to 'None'
[0.213s] Level 5:colcon.colcon_core.verb:set package 'daramg_sim' build argument 'cmake_target' from command line to 'None'
[0.213s] Level 5:colcon.colcon_core.verb:set package 'daramg_sim' build argument 'cmake_target_skip_unavailable' from command line to 'False'
[0.213s] Level 5:colcon.colcon_core.verb:set package 'daramg_sim' build argument 'cmake_clean_cache' from command line to 'False'
[0.213s] Level 5:colcon.colcon_core.verb:set package 'daramg_sim' build argument 'cmake_clean_first' from command line to 'False'
[0.213s] Level 5:colcon.colcon_core.verb:set package 'daramg_sim' build argument 'cmake_force_configure' from command line to 'False'
[0.213s] Level 5:colcon.colcon_core.verb:set package 'daramg_sim' build argument 'ament_cmake_args' from command line to 'None'
[0.214s] Level 5:colcon.colcon_core.verb:set package 'daramg_sim' build argument 'catkin_cmake_args' from command line to 'None'
[0.214s] Level 5:colcon.colcon_core.verb:set package 'daramg_sim' build argument 'catkin_skip_building_tests' from command line to 'False'
[0.214s] DEBUG:colcon.colcon_core.verb:Building package 'daramg_sim' with the following arguments: {'ament_cmake_args': None, 'build_base': '/home/kimhoyun/DARAM-G/build/daramg_sim', 'catkin_cmake_args': None, 'catkin_skip_building_tests': False, 'cmake_args': None, 'cmake_clean_cache': False, 'cmake_clean_first': False, 'cmake_force_configure': False, 'cmake_target': None, 'cmake_target_skip_unavailable': False, 'install_base': '/home/kimhoyun/DARAM-G/install/daramg_sim', 'merge_install': False, 'path': '/home/kimhoyun/DARAM-G/src/daramg_sim', 'symlink_install': True, 'test_result_base': None}
[0.214s] Level 5:colcon.colcon_core.verb:set package 'rover_control' build argument 'cmake_args' from command line to 'None'
[0.214s] Level 5:colcon.colcon_core.verb:set package 'rover_control' build argument 'cmake_target' from command line to 'None'
[0.214s] Level 5:colcon.colcon_core.verb:set package 'rover_control' build argument 'cmake_target_skip_unavailable' from command line to 'False'
[0.214s] Level 5:colcon.colcon_core.verb:set package 'rover_control' build argument 'cmake_clean_cache' from command line to 'False'
[0.214s] Level 5:colcon.colcon_core.verb:set package 'rover_control' build argument 'cmake_clean_first' from command line to 'False'
[0.214s] Level 5:colcon.colcon_core.verb:set package 'rover_control' build argument 'cmake_force_configure' from command line to 'False'
[0.214s] Level 5:colcon.colcon_core.verb:set package 'rover_control' build argument 'ament_cmake_args' from command line to 'None'
[0.214s] Level 5:colcon.colcon_core.verb:set package 'rover_control' build argument 'catkin_cmake_args' from command line to 'None'
[0.214s] Level 5:colcon.colcon_core.verb:set package 'rover_control' build argument 'catkin_skip_building_tests' from command line to 'False'
[0.214s] DEBUG:colcon.colcon_core.verb:Building package 'rover_control' with the following arguments: {'ament_cmake_args': None, 'build_base': '/home/kimhoyun/DARAM-G/build/rover_control', 'catkin_cmake_args': None, 'catkin_skip_building_tests': False, 'cmake_args': None, 'cmake_clean_cache': False, 'cmake_clean_first': False, 'cmake_force_configure': False, 'cmake_target': None, 'cmake_target_skip_unavailable': False, 'install_base': '/home/kimhoyun/DARAM-G/install/rover_control', 'merge_install': False, 'path': '/home/kimhoyun/DARAM-G/src/rover_control', 'symlink_install': True, 'test_result_base': None}
[0.214s] INFO:colcon.colcon_core.executor:Executing jobs using 'parallel' executor
[0.215s] DEBUG:colcon.colcon_parallel_executor.executor.parallel:run_until_complete
[0.215s] INFO:colcon.colcon_ros.task.ament_python.build:Building ROS package in '/home/kimhoyun/DARAM-G/src/autonomous_exploration' with build type 'ament_python'
[0.215s] Level 1:colcon.colcon_core.shell:create_environment_hook('autonomous_exploration', 'ament_prefix_path')
[0.217s] INFO:colcon.colcon_core.plugin_system:Skipping extension 'colcon_core.shell.bat': Not used on non-Windows systems
[0.217s] INFO:colcon.colcon_core.shell:Creating environment hook '/home/kimhoyun/DARAM-G/install/autonomous_exploration/share/autonomous_exploration/hook/ament_prefix_path.ps1'
[0.218s] INFO:colcon.colcon_core.shell:Creating environment descriptor '/home/kimhoyun/DARAM-G/install/autonomous_exploration/share/autonomous_exploration/hook/ament_prefix_path.dsv'
[0.218s] INFO:colcon.colcon_core.shell:Creating environment hook '/home/kimhoyun/DARAM-G/install/autonomous_exploration/share/autonomous_exploration/hook/ament_prefix_path.sh'
[0.219s] INFO:colcon.colcon_core.shell:Skip shell extension 'powershell' for command environment: Not usable outside of PowerShell
[0.219s] DEBUG:colcon.colcon_core.shell:Skip shell extension 'dsv' for command environment
[0.223s] INFO:colcon.colcon_ros.task.ament_python.build:Building ROS package in '/home/kimhoyun/DARAM-G/src/daramg_bringup' with build type 'ament_python'
[0.223s] Level 1:colcon.colcon_core.shell:create_environment_hook('daramg_bringup', 'ament_prefix_path')
[0.224s] INFO:colcon.colcon_core.shell:Creating environment hook '/home/kimhoyun/DARAM-G/install/daramg_bringup/share/daramg_bringup/hook/ament_prefix_path.ps1'
[0.224s] INFO:colcon.colcon_core.shell:Creating environment descriptor '/home/kimhoyun/DARAM-G/install/daramg_bringup/share/daramg_bringup/hook/ament_prefix_path.dsv'
[0.224s] INFO:colcon.colcon_core.shell:Creating environment hook '/home/kimhoyun/DARAM-G/install/daramg_bringup/share/daramg_bringup/hook/ament_prefix_path.sh'
[0.225s] INFO:colcon.colcon_core.shell:Skip shell extension 'powershell' for command environment: Not usable outside of PowerShell
[0.225s] DEBUG:colcon.colcon_core.shell:Skip shell extension 'dsv' for command environment
[0.230s] INFO:colcon.colcon_ros.task.ament_cmake.build:Building ROS package in '/home/kimhoyun/DARAM-G/src/daramg_sim' with build type 'ament_cmake'
[0.230s] INFO:colcon.colcon_cmake.task.cmake.build:Building CMake package in '/home/kimhoyun/DARAM-G/src/daramg_sim'
[0.230s] INFO:colcon.colcon_core.shell:Skip shell extension 'powershell' for command environment: Not usable outside of PowerShell
[0.230s] DEBUG:colcon.colcon_core.shell:Skip shell extension 'dsv' for command environment
[0.235s] INFO:colcon.colcon_ros.task.ament_python.build:Building ROS package in '/home/kimhoyun/DARAM-G/src/rover_control' with build type 'ament_python'
[0.236s] Level 1:colcon.colcon_core.shell:create_environment_hook('rover_control', 'ament_prefix_path')
[0.236s] INFO:colcon.colcon_core.shell:Creating environment hook '/home/kimhoyun/DARAM-G/install/rover_control/share/rover_control/hook/ament_prefix_path.ps1'
[0.236s] INFO:colcon.colcon_core.shell:Creating environment descriptor '/home/kimhoyun/DARAM-G/install/rover_control/share/rover_control/hook/ament_prefix_path.dsv'
[0.237s] INFO:colcon.colcon_core.shell:Creating environment hook '/home/kimhoyun/DARAM-G/install/rover_control/share/rover_control/hook/ament_prefix_path.sh'
[0.237s] INFO:colcon.colcon_core.shell:Skip shell extension 'powershell' for command environment: Not usable outside of PowerShell
[0.237s] DEBUG:colcon.colcon_core.shell:Skip shell extension 'dsv' for command environment
[0.446s] INFO:colcon.colcon_core.task.python.build:Building Python package in '/home/kimhoyun/DARAM-G/src/autonomous_exploration'
[0.446s] INFO:colcon.colcon_core.shell:Skip shell extension 'powershell' for command environment: Not usable outside of PowerShell
[0.446s] DEBUG:colcon.colcon_core.shell:Skip shell extension 'dsv' for command environment
[0.635s] INFO:colcon.colcon_core.task.python.build:Building Python package in '/home/kimhoyun/DARAM-G/src/daramg_bringup'
[0.635s] INFO:colcon.colcon_core.shell:Skip shell extension 'powershell' for command environment: Not usable outside of PowerShell
[0.635s] DEBUG:colcon.colcon_core.shell:Skip shell extension 'dsv' for command environment
[0.644s] DEBUG:colcon.colcon_core.event_handler.log_command:Invoking command in '/home/kimhoyun/DARAM-G/build/daramg_sim': CMAKE_PREFIX_PATH=${CMAKE_PREFIX_PATH}:/home/kimhoyun/DOK4/install/vtol_control:/home/kimhoyun/DOK4/install/multirotor_control:/home/kimhoyun/DOK4/install/fixedwing_control:/home/kimhoyun/DOK4/install/final_mission:/home/kimhoyun/DOK4/install/precisoin_landing:/opt/ros/humble /usr/bin/cmake /home/kimhoyun/DARAM-G/src/daramg_sim -DAMENT_CMAKE_SYMLINK_INSTALL=1 -DCMAKE_INSTALL_PREFIX=/home/kimhoyun/DARAM-G/install/daramg_sim
[0.840s] INFO:colcon.colcon_core.task.python.build:Building Python package in '/home/kimhoyun/DARAM-G/src/rover_control'
[0.840s] INFO:colcon.colcon_core.shell:Skip shell extension 'powershell' for command environment: Not usable outside of PowerShell
[0.840s] DEBUG:colcon.colcon_core.shell:Skip shell extension 'dsv' for command environment
[1.129s] DEBUG:colcon.colcon_core.event_handler.log_command:Invoked command in '/home/kimhoyun/DARAM-G/build/daramg_sim' returned '0': CMAKE_PREFIX_PATH=${CMAKE_PREFIX_PATH}:/home/kimhoyun/DOK4/install/vtol_control:/home/kimhoyun/DOK4/install/multirotor_control:/home/kimhoyun/DOK4/install/fixedwing_control:/home/kimhoyun/DOK4/install/final_mission:/home/kimhoyun/DOK4/install/precisoin_landing:/opt/ros/humble /usr/bin/cmake /home/kimhoyun/DARAM-G/src/daramg_sim -DAMENT_CMAKE_SYMLINK_INSTALL=1 -DCMAKE_INSTALL_PREFIX=/home/kimhoyun/DARAM-G/install/daramg_sim
[1.130s] DEBUG:colcon.colcon_core.event_handler.log_command:Invoking command in '/home/kimhoyun/DARAM-G/build/daramg_sim': CMAKE_PREFIX_PATH=${CMAKE_PREFIX_PATH}:/home/kimhoyun/DOK4/install/vtol_control:/home/kimhoyun/DOK4/install/multirotor_control:/home/kimhoyun/DOK4/install/fixedwing_control:/home/kimhoyun/DOK4/install/final_mission:/home/kimhoyun/DOK4/install/precisoin_landing:/opt/ros/humble /usr/bin/cmake --build /home/kimhoyun/DARAM-G/build/daramg_sim -- -j16 -l16
[1.177s] DEBUG:colcon.colcon_core.event_handler.log_command:Invoked command in '/home/kimhoyun/DARAM-G/build/daramg_sim' returned '0': CMAKE_PREFIX_PATH=${CMAKE_PREFIX_PATH}:/home/kimhoyun/DOK4/install/vtol_control:/home/kimhoyun/DOK4/install/multirotor_control:/home/kimhoyun/DOK4/install/fixedwing_control:/home/kimhoyun/DOK4/install/final_mission:/home/kimhoyun/DOK4/install/precisoin_landing:/opt/ros/humble /usr/bin/cmake --build /home/kimhoyun/DARAM-G/build/daramg_sim -- -j16 -l16
[1.188s] DEBUG:colcon.colcon_core.event_handler.log_command:Invoking command in '/home/kimhoyun/DARAM-G/build/daramg_sim': CMAKE_PREFIX_PATH=${CMAKE_PREFIX_PATH}:/home/kimhoyun/DOK4/install/vtol_control:/home/kimhoyun/DOK4/install/multirotor_control:/home/kimhoyun/DOK4/install/fixedwing_control:/home/kimhoyun/DOK4/install/final_mission:/home/kimhoyun/DOK4/install/precisoin_landing:/opt/ros/humble /usr/bin/cmake --install /home/kimhoyun/DARAM-G/build/daramg_sim
[1.406s] DEBUG:colcon.colcon_core.event_handler.log_command:Invoking command in '/home/kimhoyun/DARAM-G/build/daramg_bringup': PYTHONPATH=/home/kimhoyun/DARAM-G/build/daramg_bringup/prefix_override:/usr/lib/python3/dist-packages/colcon_core/task/python/colcon_distutils_commands:/home/kimhoyun/DARAM-G/install/daramg_bringup/lib/python3.10/site-packages:${PYTHONPATH} /usr/bin/python3 -W ignore:setup.py install is deprecated -W ignore:easy_install command is deprecated setup.py develop --editable --build-directory /home/kimhoyun/DARAM-G/build/daramg_bringup/build --no-deps symlink_data
[1.408s] DEBUG:colcon.colcon_core.event_handler.log_command:Invoking command in '/home/kimhoyun/DARAM-G/build/autonomous_exploration': PYTHONPATH=/home/kimhoyun/DARAM-G/build/autonomous_exploration/prefix_override:/usr/lib/python3/dist-packages/colcon_core/task/python/colcon_distutils_commands:/home/kimhoyun/DARAM-G/install/autonomous_exploration/lib/python3.10/site-packages:${PYTHONPATH} /usr/bin/python3 -W ignore:setup.py install is deprecated -W ignore:easy_install command is deprecated setup.py develop --editable --build-directory /home/kimhoyun/DARAM-G/build/autonomous_exploration/build --no-deps symlink_data
[1.428s] DEBUG:colcon.colcon_core.event_handler.log_command:Invoking command in '/home/kimhoyun/DARAM-G/build/rover_control': PYTHONPATH=/home/kimhoyun/DARAM-G/build/rover_control/prefix_override:/usr/lib/python3/dist-packages/colcon_core/task/python/colcon_distutils_commands:/home/kimhoyun/DARAM-G/install/rover_control/lib/python3.10/site-packages:${PYTHONPATH} /usr/bin/python3 -W ignore:setup.py install is deprecated -W ignore:easy_install command is deprecated setup.py develop --editable --build-directory /home/kimhoyun/DARAM-G/build/rover_control/build --no-deps symlink_data
[1.530s] Level 1:colcon.colcon_core.environment:create_environment_scripts_only(daramg_sim)
[1.530s] DEBUG:colcon.colcon_core.event_handler.log_command:Invoked command in '/home/kimhoyun/DARAM-G/build/daramg_sim' returned '0': CMAKE_PREFIX_PATH=${CMAKE_PREFIX_PATH}:/home/kimhoyun/DOK4/install/vtol_control:/home/kimhoyun/DOK4/install/multirotor_control:/home/kimhoyun/DOK4/install/fixedwing_control:/home/kimhoyun/DOK4/install/final_mission:/home/kimhoyun/DOK4/install/precisoin_landing:/opt/ros/humble /usr/bin/cmake --install /home/kimhoyun/DARAM-G/build/daramg_sim
[1.532s] Level 1:colcon.colcon_core.environment:checking '/home/kimhoyun/DARAM-G/install/daramg_sim' for CMake module files
[1.533s] Level 1:colcon.colcon_core.environment:checking '/home/kimhoyun/DARAM-G/install/daramg_sim' for CMake config files
[1.533s] Level 1:colcon.colcon_core.shell:create_environment_hook('daramg_sim', 'cmake_prefix_path')
[1.533s] INFO:colcon.colcon_core.shell:Creating environment hook '/home/kimhoyun/DARAM-G/install/daramg_sim/share/daramg_sim/hook/cmake_prefix_path.ps1'
[1.533s] INFO:colcon.colcon_core.shell:Creating environment descriptor '/home/kimhoyun/DARAM-G/install/daramg_sim/share/daramg_sim/hook/cmake_prefix_path.dsv'
[1.534s] INFO:colcon.colcon_core.shell:Creating environment hook '/home/kimhoyun/DARAM-G/install/daramg_sim/share/daramg_sim/hook/cmake_prefix_path.sh'
[1.534s] Level 1:colcon.colcon_core.environment:checking '/home/kimhoyun/DARAM-G/install/daramg_sim/bin'
[1.534s] Level 1:colcon.colcon_core.environment:checking '/home/kimhoyun/DARAM-G/install/daramg_sim/lib/pkgconfig/daramg_sim.pc'
[1.535s] Level 1:colcon.colcon_core.environment:checking '/home/kimhoyun/DARAM-G/install/daramg_sim/lib/python3.10/site-packages'
[1.535s] Level 1:colcon.colcon_core.environment:checking '/home/kimhoyun/DARAM-G/install/daramg_sim/bin'
[1.535s] INFO:colcon.colcon_core.shell:Creating package script '/home/kimhoyun/DARAM-G/install/daramg_sim/share/daramg_sim/package.ps1'
[1.536s] INFO:colcon.colcon_core.shell:Creating package descriptor '/home/kimhoyun/DARAM-G/install/daramg_sim/share/daramg_sim/package.dsv'
[1.536s] INFO:colcon.colcon_core.shell:Creating package script '/home/kimhoyun/DARAM-G/install/daramg_sim/share/daramg_sim/package.sh'
[1.537s] INFO:colcon.colcon_core.shell:Creating package script '/home/kimhoyun/DARAM-G/install/daramg_sim/share/daramg_sim/package.bash'
[1.538s] INFO:colcon.colcon_core.shell:Creating package script '/home/kimhoyun/DARAM-G/install/daramg_sim/share/daramg_sim/package.zsh'
[1.538s] Level 1:colcon.colcon_core.environment:create_file_with_runtime_dependencies(/home/kimhoyun/DARAM-G/install/daramg_sim/share/colcon-core/packages/daramg_sim)
[1.539s] Level 1:colcon.colcon_core.environment:create_environment_scripts_only(daramg_sim)
[1.539s] Level 1:colcon.colcon_core.environment:checking '/home/kimhoyun/DARAM-G/install/daramg_sim' for CMake module files
[1.540s] Level 1:colcon.colcon_core.environment:checking '/home/kimhoyun/DARAM-G/install/daramg_sim' for CMake config files
[1.540s] Level 1:colcon.colcon_core.shell:create_environment_hook('daramg_sim', 'cmake_prefix_path')
[1.540s] INFO:colcon.colcon_core.shell:Creating environment hook '/home/kimhoyun/DARAM-G/install/daramg_sim/share/daramg_sim/hook/cmake_prefix_path.ps1'
[1.541s] INFO:colcon.colcon_core.shell:Creating environment descriptor '/home/kimhoyun/DARAM-G/install/daramg_sim/share/daramg_sim/hook/cmake_prefix_path.dsv'
[1.541s] INFO:colcon.colcon_core.shell:Creating environment hook '/home/kimhoyun/DARAM-G/install/daramg_sim/share/daramg_sim/hook/cmake_prefix_path.sh'
[1.542s] Level 1:colcon.colcon_core.environment:checking '/home/kimhoyun/DARAM-G/install/daramg_sim/bin'
[1.542s] Level 1:colcon.colcon_core.environment:checking '/home/kimhoyun/DARAM-G/install/daramg_sim/lib/pkgconfig/daramg_sim.pc'
[1.542s] Level 1:colcon.colcon_core.environment:checking '/home/kimhoyun/DARAM-G/install/daramg_sim/lib/python3.10/site-packages'
[1.542s] Level 1:colcon.colcon_core.environment:checking '/home/kimhoyun/DARAM-G/install/daramg_sim/bin'
[1.543s] INFO:colcon.colcon_core.shell:Creating package script '/home/kimhoyun/DARAM-G/install/daramg_sim/share/daramg_sim/package.ps1'
[1.543s] INFO:colcon.colcon_core.shell:Creating package descriptor '/home/kimhoyun/DARAM-G/install/daramg_sim/share/daramg_sim/package.dsv'
[1.543s] INFO:colcon.colcon_core.shell:Creating package script '/home/kimhoyun/DARAM-G/install/daramg_sim/share/daramg_sim/package.sh'
[1.544s] INFO:colcon.colcon_core.shell:Creating package script '/home/kimhoyun/DARAM-G/install/daramg_sim/share/daramg_sim/package.bash'
[1.544s] INFO:colcon.colcon_core.shell:Creating package script '/home/kimhoyun/DARAM-G/install/daramg_sim/share/daramg_sim/package.zsh'
[1.545s] Level 1:colcon.colcon_core.environment:create_file_with_runtime_dependencies(/home/kimhoyun/DARAM-G/install/daramg_sim/share/colcon-core/packages/daramg_sim)
[2.077s] Level 1:colcon.colcon_core.shell:create_environment_hook('autonomous_exploration', 'pythonpath_develop')
[2.078s] INFO:colcon.colcon_core.shell:Creating environment hook '/home/kimhoyun/DARAM-G/build/autonomous_exploration/share/autonomous_exploration/hook/pythonpath_develop.ps1'
[2.078s] DEBUG:colcon.colcon_core.event_handler.log_command:Invoked command in '/home/kimhoyun/DARAM-G/build/autonomous_exploration' returned '0': PYTHONPATH=/home/kimhoyun/DARAM-G/build/autonomous_exploration/prefix_override:/usr/lib/python3/dist-packages/colcon_core/task/python/colcon_distutils_commands:/home/kimhoyun/DARAM-G/install/autonomous_exploration/lib/python3.10/site-packages:${PYTHONPATH} /usr/bin/python3 -W ignore:setup.py install is deprecated -W ignore:easy_install command is deprecated setup.py develop --editable --build-directory /home/kimhoyun/DARAM-G/build/autonomous_exploration/build --no-deps symlink_data
[2.079s] INFO:colcon.colcon_core.shell:Creating environment descriptor '/home/kimhoyun/DARAM-G/build/autonomous_exploration/share/autonomous_exploration/hook/pythonpath_develop.dsv'
[2.079s] INFO:colcon.colcon_core.shell:Creating environment hook '/home/kimhoyun/DARAM-G/build/autonomous_exploration/share/autonomous_exploration/hook/pythonpath_develop.sh'
[2.080s] Level 1:colcon.colcon_core.environment:checking '/home/kimhoyun/DARAM-G/install/autonomous_exploration' for CMake module files
[2.080s] Level 1:colcon.colcon_core.environment:checking '/home/kimhoyun/DARAM-G/install/autonomous_exploration' for CMake config files
[2.081s] Level 1:colcon.colcon_core.environment:checking '/home/kimhoyun/DARAM-G/install/autonomous_exploration/lib'
[2.081s] Level 1:colcon.colcon_core.environment:checking '/home/kimhoyun/DARAM-G/install/autonomous_exploration/bin'
[2.081s] Level 1:colcon.colcon_core.environment:checking '/home/kimhoyun/DARAM-G/install/autonomous_exploration/lib/pkgconfig/autonomous_exploration.pc'
[2.081s] Level 1:colcon.colcon_core.environment:checking '/home/kimhoyun/DARAM-G/install/autonomous_exploration/lib/python3.10/site-packages'
[2.081s] Level 1:colcon.colcon_core.shell:create_environment_hook('autonomous_exploration', 'pythonpath')
[2.081s] INFO:colcon.colcon_core.shell:Creating environment hook '/home/kimhoyun/DARAM-G/install/autonomous_exploration/share/autonomous_exploration/hook/pythonpath.ps1'
[2.082s] INFO:colcon.colcon_core.shell:Creating environment descriptor '/home/kimhoyun/DARAM-G/install/autonomous_exploration/share/autonomous_exploration/hook/pythonpath.dsv'
[2.082s] INFO:colcon.colcon_core.shell:Creating environment hook '/home/kimhoyun/DARAM-G/install/autonomous_exploration/share/autonomous_exploration/hook/pythonpath.sh'
[2.082s] Level 1:colcon.colcon_core.environment:checking '/home/kimhoyun/DARAM-G/install/autonomous_exploration/bin'
[2.082s] Level 1:colcon.colcon_core.environment:create_environment_scripts_only(autonomous_exploration)
[2.083s] INFO:colcon.colcon_core.shell:Creating package script '/home/kimhoyun/DARAM-G/install/autonomous_exploration/share/autonomous_exploration/package.ps1'
[2.083s] INFO:colcon.colcon_core.shell:Creating package descriptor '/home/kimhoyun/DARAM-G/install/autonomous_exploration/share/autonomous_exploration/package.dsv'
[2.083s] INFO:colcon.colcon_core.shell:Creating package script '/home/kimhoyun/DARAM-G/install/autonomous_exploration/share/autonomous_exploration/package.sh'
[2.084s] INFO:colcon.colcon_core.shell:Creating package script '/home/kimhoyun/DARAM-G/install/autonomous_exploration/share/autonomous_exploration/package.bash'
[2.084s] INFO:colcon.colcon_core.shell:Creating package script '/home/kimhoyun/DARAM-G/install/autonomous_exploration/share/autonomous_exploration/package.zsh'
[2.084s] Level 1:colcon.colcon_core.environment:create_file_with_runtime_dependencies(/home/kimhoyun/DARAM-G/install/autonomous_exploration/share/colcon-core/packages/autonomous_exploration)
[2.085s] Level 1:colcon.colcon_core.shell:create_environment_hook('rover_control', 'pythonpath_develop')
[2.086s] INFO:colcon.colcon_core.shell:Creating environment hook '/home/kimhoyun/DARAM-G/build/rover_control/share/rover_control/hook/pythonpath_develop.ps1'
[2.086s] DEBUG:colcon.colcon_core.event_handler.log_command:Invoked command in '/home/kimhoyun/DARAM-G/build/rover_control' returned '0': PYTHONPATH=/home/kimhoyun/DARAM-G/build/rover_control/prefix_override:/usr/lib/python3/dist-packages/colcon_core/task/python/colcon_distutils_commands:/home/kimhoyun/DARAM-G/install/rover_control/lib/python3.10/site-packages:${PYTHONPATH} /usr/bin/python3 -W ignore:setup.py install is deprecated -W ignore:easy_install command is deprecated setup.py develop --editable --build-directory /home/kimhoyun/DARAM-G/build/rover_control/build --no-deps symlink_data
[2.086s] INFO:colcon.colcon_core.shell:Creating environment descriptor '/home/kimhoyun/DARAM-G/build/rover_control/share/rover_control/hook/pythonpath_develop.dsv'
[2.087s] INFO:colcon.colcon_core.shell:Creating environment hook '/home/kimhoyun/DARAM-G/build/rover_control/share/rover_control/hook/pythonpath_develop.sh'
[2.087s] Level 1:colcon.colcon_core.environment:checking '/home/kimhoyun/DARAM-G/install/rover_control' for CMake module files
[2.087s] Level 1:colcon.colcon_core.environment:checking '/home/kimhoyun/DARAM-G/install/rover_control' for CMake config files
[2.088s] Level 1:colcon.colcon_core.environment:checking '/home/kimhoyun/DARAM-G/install/rover_control/lib'
[2.088s] Level 1:colcon.colcon_core.environment:checking '/home/kimhoyun/DARAM-G/install/rover_control/bin'
[2.088s] Level 1:colcon.colcon_core.environment:checking '/home/kimhoyun/DARAM-G/install/rover_control/lib/pkgconfig/rover_control.pc'
[2.088s] Level 1:colcon.colcon_core.environment:checking '/home/kimhoyun/DARAM-G/install/rover_control/lib/python3.10/site-packages'
[2.088s] Level 1:colcon.colcon_core.shell:create_environment_hook('rover_control', 'pythonpath')
[2.088s] INFO:colcon.colcon_core.shell:Creating environment hook '/home/kimhoyun/DARAM-G/install/rover_control/share/rover_control/hook/pythonpath.ps1'
[2.089s] INFO:colcon.colcon_core.shell:Creating environment descriptor '/home/kimhoyun/DARAM-G/install/rover_control/share/rover_control/hook/pythonpath.dsv'
[2.089s] INFO:colcon.colcon_core.shell:Creating environment hook '/home/kimhoyun/DARAM-G/install/rover_control/share/rover_control/hook/pythonpath.sh'
[2.089s] Level 1:colcon.colcon_core.environment:checking '/home/kimhoyun/DARAM-G/install/rover_control/bin'
[2.089s] Level 1:colcon.colcon_core.environment:create_environment_scripts_only(rover_control)
[2.090s] INFO:colcon.colcon_core.shell:Creating package script '/home/kimhoyun/DARAM-G/install/rover_control/share/rover_control/package.ps1'
[2.090s] INFO:colcon.colcon_core.shell:Creating package descriptor '/home/kimhoyun/DARAM-G/install/rover_control/share/rover_control/package.dsv'
[2.090s] INFO:colcon.colcon_core.shell:Creating package script '/home/kimhoyun/DARAM-G/install/rover_control/share/rover_control/package.sh'
[2.091s] INFO:colcon.colcon_core.shell:Creating package script '/home/kimhoyun/DARAM-G/install/rover_control/share/rover_control/package.bash'
[2.091s] INFO:colcon.colcon_core.shell:Creating package script '/home/kimhoyun/DARAM-G/install/rover_control/share/rover_control/package.zsh'
[2.091s] Level 1:colcon.colcon_core.environment:create_file_with_runtime_dependencies(/home/kimhoyun/DARAM-G/install/rover_control/share/colcon-core/packages/rover_control)
[2.092s] Level 1:colcon.colcon_core.shell:create_environment_hook('daramg_bringup', 'pythonpath_develop')
[2.092s] INFO:colcon.colcon_core.shell:Creating environment hook '/home/kimhoyun/DARAM-G/build/daramg_bringup/share/daramg_bringup/hook/pythonpath_develop.ps1'
[2.093s] DEBUG:colcon.colcon_core.event_handler.log_command:Invoked command in '/home/kimhoyun/DARAM-G/build/daramg_bringup' returned '0': PYTHONPATH=/home/kimhoyun/DARAM-G/build/daramg_bringup/prefix_override:/usr/lib/python3/dist-packages/colcon_core/task/python/colcon_distutils_commands:/home/kimhoyun/DARAM-G/install/daramg_bringup/lib/python3.10/site-packages:${PYTHONPATH} /usr/bin/python3 -W ignore:setup.py install is deprecated -W ignore:easy_install command is deprecated setup.py develop --editable --build-directory /home/kimhoyun/DARAM-G/build/daramg_bringup/build --no-deps symlink_data
[2.093s] INFO:colcon.colcon_core.shell:Creating environment descriptor '/home/kimhoyun/DARAM-G/build/daramg_bringup/share/daramg_bringup/hook/pythonpath_develop.dsv'
[2.093s] INFO:colcon.colcon_core.shell:Creating environment hook '/home/kimhoyun/DARAM-G/build/daramg_bringup/share/daramg_bringup/hook/pythonpath_develop.sh'
[2.094s] Level 1:colcon.colcon_core.environment:checking '/home/kimhoyun/DARAM-G/install/daramg_bringup' for CMake module files
[2.094s] Level 1:colcon.colcon_core.environment:checking '/home/kimhoyun/DARAM-G/install/daramg_bringup' for CMake config files
[2.095s] Level 1:colcon.colcon_core.environment:checking '/home/kimhoyun/DARAM-G/install/daramg_bringup/lib'
[2.095s] Level 1:colcon.colcon_core.environment:checking '/home/kimhoyun/DARAM-G/install/daramg_bringup/bin'
[2.095s] Level 1:colcon.colcon_core.environment:checking '/home/kimhoyun/DARAM-G/install/daramg_bringup/lib/pkgconfig/daramg_bringup.pc'
[2.095s] Level 1:colcon.colcon_core.environment:checking '/home/kimhoyun/DARAM-G/install/daramg_bringup/lib/python3.10/site-packages'
[2.095s] Level 1:colcon.colcon_core.shell:create_environment_hook('daramg_bringup', 'pythonpath')
[2.095s] INFO:colcon.colcon_core.shell:Creating environment hook '/home/kimhoyun/DARAM-G/install/daramg_bringup/share/daramg_bringup/hook/pythonpath.ps1'
[2.095s] INFO:colcon.colcon_core.shell:Creating environment descriptor '/home/kimhoyun/DARAM-G/install/daramg_bringup/share/daramg_bringup/hook/pythonpath.dsv'
[2.096s] INFO:colcon.colcon_core.shell:Creating environment hook '/home/kimhoyun/DARAM-G/install/daramg_bringup/share/daramg_bringup/hook/pythonpath.sh'
[2.096s] Level 1:colcon.colcon_core.environment:checking '/home/kimhoyun/DARAM-G/install/daramg_bringup/bin'
[2.096s] Level 1:colcon.colcon_core.environment:create_environment_scripts_only(daramg_bringup)
[2.097s] INFO:colcon.colcon_core.shell:Creating package script '/home/kimhoyun/DARAM-G/install/daramg_bringup/share/daramg_bringup/package.ps1'
[2.097s] INFO:colcon.colcon_core.shell:Creating package descriptor '/home/kimhoyun/DARAM-G/install/daramg_bringup/share/daramg_bringup/package.dsv'
[2.097s] INFO:colcon.colcon_core.shell:Creating package script '/home/kimhoyun/DARAM-G/install/daramg_bringup/share/daramg_bringup/package.sh'
[2.098s] INFO:colcon.colcon_core.shell:Creating package script '/home/kimhoyun/DARAM-G/install/daramg_bringup/share/daramg_bringup/package.bash'
[2.098s] INFO:colcon.colcon_core.shell:Creating package script '/home/kimhoyun/DARAM-G/install/daramg_bringup/share/daramg_bringup/package.zsh'
[2.098s] Level 1:colcon.colcon_core.environment:create_file_with_runtime_dependencies(/home/kimhoyun/DARAM-G/install/daramg_bringup/share/colcon-core/packages/daramg_bringup)
[2.099s] DEBUG:colcon.colcon_parallel_executor.executor.parallel:closing loop
[2.099s] DEBUG:colcon.colcon_parallel_executor.executor.parallel:loop closed
[2.099s] DEBUG:colcon.colcon_parallel_executor.executor.parallel:run_until_complete finished with '0'
[2.100s] DEBUG:colcon.colcon_core.event_reactor:joining thread
[2.106s] INFO:colcon.colcon_core.plugin_system:Skipping extension 'colcon_notification.desktop_notification.terminal_notifier': Not used on non-Darwin systems
[2.106s] INFO:colcon.colcon_core.plugin_system:Skipping extension 'colcon_notification.desktop_notification.win32': Not used on non-Windows systems
[2.106s] INFO:colcon.colcon_notification.desktop_notification:Sending desktop notification using 'notify2'
[2.120s] DEBUG:colcon.colcon_core.event_reactor:joined thread
[2.121s] INFO:colcon.colcon_core.shell:Creating prefix script '/home/kimhoyun/DARAM-G/install/local_setup.ps1'
[2.122s] INFO:colcon.colcon_core.shell:Creating prefix util module '/home/kimhoyun/DARAM-G/install/_local_setup_util_ps1.py'
[2.123s] INFO:colcon.colcon_core.shell:Creating prefix chain script '/home/kimhoyun/DARAM-G/install/setup.ps1'
[2.125s] INFO:colcon.colcon_core.shell:Creating prefix script '/home/kimhoyun/DARAM-G/install/local_setup.sh'
[2.126s] INFO:colcon.colcon_core.shell:Creating prefix util module '/home/kimhoyun/DARAM-G/install/_local_setup_util_sh.py'
[2.126s] INFO:colcon.colcon_core.shell:Creating prefix chain script '/home/kimhoyun/DARAM-G/install/setup.sh'
[2.128s] INFO:colcon.colcon_core.shell:Creating prefix script '/home/kimhoyun/DARAM-G/install/local_setup.bash'
[2.129s] INFO:colcon.colcon_core.shell:Creating prefix chain script '/home/kimhoyun/DARAM-G/install/setup.bash'
[2.130s] INFO:colcon.colcon_core.shell:Creating prefix script '/home/kimhoyun/DARAM-G/install/local_setup.zsh'
[2.131s] INFO:colcon.colcon_core.shell:Creating prefix chain script '/home/kimhoyun/DARAM-G/install/setup.zsh'
