[0.095s] DEBUG:colcon:Command line arguments: ['/usr/bin/colcon', 'build', '--packages-select', 'daramg_sim']
[0.095s] DEBUG:colcon:Parsed command line arguments: Namespace(log_base=None, log_level=None, verb_name='build', build_base='build', install_base='install', merge_install=False, symlink_install=False, test_result_base=None, continue_on_error=False, executor='parallel', parallel_workers=16, event_handlers=None, ignore_user_meta=False, metas=['./colcon.meta'], base_paths=['.'], packages_ignore=None, packages_ignore_regex=None, paths=None, packages_up_to=None, packages_up_to_regex=None, packages_above=None, packages_above_and_dependencies=None, packages_above_depth=None, packages_select_by_dep=None, packages_skip_by_dep=None, packages_skip_up_to=None, packages_select_build_failed=False, packages_skip_build_finished=False, packages_select_test_failures=False, packages_skip_test_passed=False, packages_select=['daramg_sim'], packages_skip=None, packages_select_regex=None, packages_skip_regex=None, packages_start=None, packages_end=None, allow_overriding=[], cmake_args=None, cmake_target=None, cmake_target_skip_unavailable=False, cmake_clean_cache=False, cmake_clean_first=False, cmake_force_configure=False, ament_cmake_args=None, catkin_cmake_args=None, catkin_skip_building_tests=False, mixin_files=None, mixin=None, verb_parser=<colcon_mixin.mixin.mixin_argument.MixinArgumentDecorator object at 0x7f2182c8ada0>, verb_extension=<colcon_core.verb.build.BuildVerb object at 0x7f2182c8a7d0>, main=<bound method BuildVerb.main of <colcon_core.verb.build.BuildVerb object at 0x7f2182c8a7d0>>, mixin_verb=('build',))
[0.129s] Level 1:colcon.colcon_core.package_discovery:discover_packages(colcon_meta) check parameters
[0.129s] Level 1:colcon.colcon_core.package_discovery:discover_packages(recursive) check parameters
[0.129s] Level 1:colcon.colcon_core.package_discovery:discover_packages(ignore) check parameters
[0.129s] Level 1:colcon.colcon_core.package_discovery:discover_packages(path) check parameters
[0.129s] Level 1:colcon.colcon_core.package_discovery:discover_packages(colcon_meta) discover
[0.129s] Level 1:colcon.colcon_core.package_discovery:discover_packages(recursive) discover
[0.129s] INFO:colcon.colcon_core.package_discovery:Crawling recursively for packages in '/home/kimhoyun/DARAM-G'
[0.129s] Level 1:colcon.colcon_core.package_identification:_identify(.) by extensions ['ignore', 'ignore_ament_install']
[0.129s] Level 1:colcon.colcon_core.package_identification:_identify(.) by extension 'ignore'
[0.129s] Level 1:colcon.colcon_core.package_identification:_identify(.) by extension 'ignore_ament_install'
[0.129s] Level 1:colcon.colcon_core.package_identification:_identify(.) by extensions ['colcon_pkg']
[0.129s] Level 1:colcon.colcon_core.package_identification:_identify(.) by extension 'colcon_pkg'
[0.129s] Level 1:colcon.colcon_core.package_identification:_identify(.) by extensions ['colcon_meta']
[0.129s] Level 1:colcon.colcon_core.package_identification:_identify(.) by extension 'colcon_meta'
[0.129s] Level 1:colcon.colcon_core.package_identification:_identify(.) by extensions ['ros']
[0.129s] Level 1:colcon.colcon_core.package_identification:_identify(.) by extension 'ros'
[0.140s] Level 1:colcon.colcon_core.package_identification:_identify(.) by extensions ['cmake', 'python']
[0.140s] Level 1:colcon.colcon_core.package_identification:_identify(.) by extension 'cmake'
[0.140s] Level 1:colcon.colcon_core.package_identification:_identify(.) by extension 'python'
[0.140s] Level 1:colcon.colcon_core.package_identification:_identify(.) by extensions ['python_setup_py']
[0.140s] Level 1:colcon.colcon_core.package_identification:_identify(.) by extension 'python_setup_py'
[0.141s] Level 1:colcon.colcon_core.package_identification:_identify(build) by extensions ['ignore', 'ignore_ament_install']
[0.141s] Level 1:colcon.colcon_core.package_identification:_identify(build) by extension 'ignore'
[0.141s] Level 1:colcon.colcon_core.package_identification:_identify(build) ignored
[0.141s] Level 1:colcon.colcon_core.package_identification:_identify(install) by extensions ['ignore', 'ignore_ament_install']
[0.141s] Level 1:colcon.colcon_core.package_identification:_identify(install) by extension 'ignore'
[0.141s] Level 1:colcon.colcon_core.package_identification:_identify(install) ignored
[0.141s] Level 1:colcon.colcon_core.package_identification:_identify(log) by extensions ['ignore', 'ignore_ament_install']
[0.141s] Level 1:colcon.colcon_core.package_identification:_identify(log) by extension 'ignore'
[0.141s] Level 1:colcon.colcon_core.package_identification:_identify(log) ignored
[0.141s] Level 1:colcon.colcon_core.package_identification:_identify(src) by extensions ['ignore', 'ignore_ament_install']
[0.141s] Level 1:colcon.colcon_core.package_identification:_identify(src) by extension 'ignore'
[0.141s] Level 1:colcon.colcon_core.package_identification:_identify(src) by extension 'ignore_ament_install'
[0.141s] Level 1:colcon.colcon_core.package_identification:_identify(src) by extensions ['colcon_pkg']
[0.141s] Level 1:colcon.colcon_core.package_identification:_identify(src) by extension 'colcon_pkg'
[0.141s] Level 1:colcon.colcon_core.package_identification:_identify(src) by extensions ['colcon_meta']
[0.141s] Level 1:colcon.colcon_core.package_identification:_identify(src) by extension 'colcon_meta'
[0.141s] Level 1:colcon.colcon_core.package_identification:_identify(src) by extensions ['ros']
[0.141s] Level 1:colcon.colcon_core.package_identification:_identify(src) by extension 'ros'
[0.141s] Level 1:colcon.colcon_core.package_identification:_identify(src) by extensions ['cmake', 'python']
[0.141s] Level 1:colcon.colcon_core.package_identification:_identify(src) by extension 'cmake'
[0.142s] Level 1:colcon.colcon_core.package_identification:_identify(src) by extension 'python'
[0.142s] Level 1:colcon.colcon_core.package_identification:_identify(src) by extensions ['python_setup_py']
[0.142s] Level 1:colcon.colcon_core.package_identification:_identify(src) by extension 'python_setup_py'
[0.142s] Level 1:colcon.colcon_core.package_identification:_identify(src/autonomous_exploration) by extensions ['ignore', 'ignore_ament_install']
[0.142s] Level 1:colcon.colcon_core.package_identification:_identify(src/autonomous_exploration) by extension 'ignore'
[0.142s] Level 1:colcon.colcon_core.package_identification:_identify(src/autonomous_exploration) by extension 'ignore_ament_install'
[0.142s] Level 1:colcon.colcon_core.package_identification:_identify(src/autonomous_exploration) by extensions ['colcon_pkg']
[0.142s] Level 1:colcon.colcon_core.package_identification:_identify(src/autonomous_exploration) by extension 'colcon_pkg'
[0.142s] Level 1:colcon.colcon_core.package_identification:_identify(src/autonomous_exploration) by extensions ['colcon_meta']
[0.142s] Level 1:colcon.colcon_core.package_identification:_identify(src/autonomous_exploration) by extension 'colcon_meta'
[0.142s] Level 1:colcon.colcon_core.package_identification:_identify(src/autonomous_exploration) by extensions ['ros']
[0.142s] Level 1:colcon.colcon_core.package_identification:_identify(src/autonomous_exploration) by extension 'ros'
[0.144s] DEBUG:colcon.colcon_core.package_identification:Package 'src/autonomous_exploration' with type 'ros.ament_python' and name 'autonomous_exploration'
[0.144s] Level 1:colcon.colcon_core.package_identification:_identify(src/daramg_bringup) by extensions ['ignore', 'ignore_ament_install']
[0.144s] Level 1:colcon.colcon_core.package_identification:_identify(src/daramg_bringup) by extension 'ignore'
[0.144s] Level 1:colcon.colcon_core.package_identification:_identify(src/daramg_bringup) by extension 'ignore_ament_install'
[0.144s] Level 1:colcon.colcon_core.package_identification:_identify(src/daramg_bringup) by extensions ['colcon_pkg']
[0.144s] Level 1:colcon.colcon_core.package_identification:_identify(src/daramg_bringup) by extension 'colcon_pkg'
[0.144s] Level 1:colcon.colcon_core.package_identification:_identify(src/daramg_bringup) by extensions ['colcon_meta']
[0.144s] Level 1:colcon.colcon_core.package_identification:_identify(src/daramg_bringup) by extension 'colcon_meta'
[0.144s] Level 1:colcon.colcon_core.package_identification:_identify(src/daramg_bringup) by extensions ['ros']
[0.144s] Level 1:colcon.colcon_core.package_identification:_identify(src/daramg_bringup) by extension 'ros'
[0.144s] DEBUG:colcon.colcon_core.package_identification:Package 'src/daramg_bringup' with type 'ros.ament_python' and name 'daramg_bringup'
[0.145s] Level 1:colcon.colcon_core.package_identification:_identify(src/daramg_sim) by extensions ['ignore', 'ignore_ament_install']
[0.145s] Level 1:colcon.colcon_core.package_identification:_identify(src/daramg_sim) by extension 'ignore'
[0.145s] Level 1:colcon.colcon_core.package_identification:_identify(src/daramg_sim) by extension 'ignore_ament_install'
[0.145s] Level 1:colcon.colcon_core.package_identification:_identify(src/daramg_sim) by extensions ['colcon_pkg']
[0.145s] Level 1:colcon.colcon_core.package_identification:_identify(src/daramg_sim) by extension 'colcon_pkg'
[0.145s] Level 1:colcon.colcon_core.package_identification:_identify(src/daramg_sim) by extensions ['colcon_meta']
[0.145s] Level 1:colcon.colcon_core.package_identification:_identify(src/daramg_sim) by extension 'colcon_meta'
[0.145s] Level 1:colcon.colcon_core.package_identification:_identify(src/daramg_sim) by extensions ['ros']
[0.145s] Level 1:colcon.colcon_core.package_identification:_identify(src/daramg_sim) by extension 'ros'
[0.145s] DEBUG:colcon.colcon_core.package_identification:Package 'src/daramg_sim' with type 'ros.ament_cmake' and name 'daramg_sim'
[0.145s] Level 1:colcon.colcon_core.package_identification:_identify(src/rover_control) by extensions ['ignore', 'ignore_ament_install']
[0.145s] Level 1:colcon.colcon_core.package_identification:_identify(src/rover_control) by extension 'ignore'
[0.145s] Level 1:colcon.colcon_core.package_identification:_identify(src/rover_control) by extension 'ignore_ament_install'
[0.145s] Level 1:colcon.colcon_core.package_identification:_identify(src/rover_control) by extensions ['colcon_pkg']
[0.145s] Level 1:colcon.colcon_core.package_identification:_identify(src/rover_control) by extension 'colcon_pkg'
[0.145s] Level 1:colcon.colcon_core.package_identification:_identify(src/rover_control) by extensions ['colcon_meta']
[0.145s] Level 1:colcon.colcon_core.package_identification:_identify(src/rover_control) by extension 'colcon_meta'
[0.146s] Level 1:colcon.colcon_core.package_identification:_identify(src/rover_control) by extensions ['ros']
[0.146s] Level 1:colcon.colcon_core.package_identification:_identify(src/rover_control) by extension 'ros'
[0.146s] DEBUG:colcon.colcon_core.package_identification:Package 'src/rover_control' with type 'ros.ament_python' and name 'rover_control'
[0.146s] Level 1:colcon.colcon_core.package_discovery:discover_packages(recursive) using defaults
[0.146s] Level 1:colcon.colcon_core.package_discovery:discover_packages(ignore) discover
[0.146s] Level 1:colcon.colcon_core.package_discovery:discover_packages(ignore) using defaults
[0.146s] Level 1:colcon.colcon_core.package_discovery:discover_packages(path) discover
[0.146s] Level 1:colcon.colcon_core.package_discovery:discover_packages(path) using defaults
[0.162s] INFO:colcon.colcon_core.package_selection:Skipping not selected package 'autonomous_exploration' in 'src/autonomous_exploration'
[0.162s] INFO:colcon.colcon_core.package_selection:Skipping not selected package 'daramg_bringup' in 'src/daramg_bringup'
[0.162s] INFO:colcon.colcon_core.package_selection:Skipping not selected package 'rover_control' in 'src/rover_control'
[0.163s] Level 1:colcon.colcon_core.package_discovery:discover_packages(prefix_path) check parameters
[0.163s] Level 1:colcon.colcon_core.package_discovery:discover_packages(prefix_path) discover
[0.165s] DEBUG:colcon.colcon_installed_package_information.package_discovery:Found 13 installed packages in /home/kimhoyun/bridge_ws/install
[0.165s] DEBUG:colcon.colcon_installed_package_information.package_discovery:Found 2 installed packages in /home/kimhoyun/Gazebo_Harmonic_Rover/install
[0.166s] DEBUG:colcon.colcon_installed_package_information.package_discovery:Found 6 installed packages in /home/kimhoyun/DOK4/install
[0.166s] DEBUG:colcon.colcon_installed_package_information.package_discovery:Found 4 installed packages in /home/kimhoyun/DARAM-G/install
[0.168s] DEBUG:colcon.colcon_installed_package_information.package_discovery:Found 362 installed packages in /opt/ros/humble
[0.169s] Level 1:colcon.colcon_core.package_discovery:discover_packages(prefix_path) using defaults
[0.203s] Level 5:colcon.colcon_core.verb:set package 'daramg_sim' build argument 'cmake_args' from command line to 'None'
[0.203s] Level 5:colcon.colcon_core.verb:set package 'daramg_sim' build argument 'cmake_target' from command line to 'None'
[0.203s] Level 5:colcon.colcon_core.verb:set package 'daramg_sim' build argument 'cmake_target_skip_unavailable' from command line to 'False'
[0.203s] Level 5:colcon.colcon_core.verb:set package 'daramg_sim' build argument 'cmake_clean_cache' from command line to 'False'
[0.203s] Level 5:colcon.colcon_core.verb:set package 'daramg_sim' build argument 'cmake_clean_first' from command line to 'False'
[0.203s] Level 5:colcon.colcon_core.verb:set package 'daramg_sim' build argument 'cmake_force_configure' from command line to 'False'
[0.203s] Level 5:colcon.colcon_core.verb:set package 'daramg_sim' build argument 'ament_cmake_args' from command line to 'None'
[0.203s] Level 5:colcon.colcon_core.verb:set package 'daramg_sim' build argument 'catkin_cmake_args' from command line to 'None'
[0.203s] Level 5:colcon.colcon_core.verb:set package 'daramg_sim' build argument 'catkin_skip_building_tests' from command line to 'False'
[0.203s] DEBUG:colcon.colcon_core.verb:Building package 'daramg_sim' with the following arguments: {'ament_cmake_args': None, 'build_base': '/home/kimhoyun/DARAM-G/build/daramg_sim', 'catkin_cmake_args': None, 'catkin_skip_building_tests': False, 'cmake_args': None, 'cmake_clean_cache': False, 'cmake_clean_first': False, 'cmake_force_configure': False, 'cmake_target': None, 'cmake_target_skip_unavailable': False, 'install_base': '/home/kimhoyun/DARAM-G/install/daramg_sim', 'merge_install': False, 'path': '/home/kimhoyun/DARAM-G/src/daramg_sim', 'symlink_install': False, 'test_result_base': None}
[0.203s] INFO:colcon.colcon_core.executor:Executing jobs using 'parallel' executor
[0.204s] DEBUG:colcon.colcon_parallel_executor.executor.parallel:run_until_complete
[0.204s] INFO:colcon.colcon_ros.task.ament_cmake.build:Building ROS package in '/home/kimhoyun/DARAM-G/src/daramg_sim' with build type 'ament_cmake'
[0.204s] INFO:colcon.colcon_cmake.task.cmake.build:Building CMake package in '/home/kimhoyun/DARAM-G/src/daramg_sim'
[0.206s] INFO:colcon.colcon_core.plugin_system:Skipping extension 'colcon_core.shell.bat': Not used on non-Windows systems
[0.206s] INFO:colcon.colcon_core.shell:Skip shell extension 'powershell' for command environment: Not usable outside of PowerShell
[0.206s] DEBUG:colcon.colcon_core.shell:Skip shell extension 'dsv' for command environment
[0.216s] DEBUG:colcon.colcon_core.event_handler.log_command:Invoking command in '/home/kimhoyun/DARAM-G/build/daramg_sim': CMAKE_PREFIX_PATH=${CMAKE_PREFIX_PATH}:/home/kimhoyun/DARAM-G/install/rover_control:/home/kimhoyun/DARAM-G/install/daramg_bringup:/home/kimhoyun/DARAM-G/install/autonomous_exploration:/home/kimhoyun/DOK4/install/vtol_control:/home/kimhoyun/DOK4/install/multirotor_control:/home/kimhoyun/DOK4/install/fixedwing_control:/home/kimhoyun/DOK4/install/final_mission:/home/kimhoyun/DOK4/install/precisoin_landing:/opt/ros/humble /usr/bin/cmake --build /home/kimhoyun/DARAM-G/build/daramg_sim -- -j16 -l16
[0.259s] DEBUG:colcon.colcon_core.event_handler.log_command:Invoked command in '/home/kimhoyun/DARAM-G/build/daramg_sim' returned '0': CMAKE_PREFIX_PATH=${CMAKE_PREFIX_PATH}:/home/kimhoyun/DARAM-G/install/rover_control:/home/kimhoyun/DARAM-G/install/daramg_bringup:/home/kimhoyun/DARAM-G/install/autonomous_exploration:/home/kimhoyun/DOK4/install/vtol_control:/home/kimhoyun/DOK4/install/multirotor_control:/home/kimhoyun/DOK4/install/fixedwing_control:/home/kimhoyun/DOK4/install/final_mission:/home/kimhoyun/DOK4/install/precisoin_landing:/opt/ros/humble /usr/bin/cmake --build /home/kimhoyun/DARAM-G/build/daramg_sim -- -j16 -l16
[0.268s] DEBUG:colcon.colcon_core.event_handler.log_command:Invoking command in '/home/kimhoyun/DARAM-G/build/daramg_sim': CMAKE_PREFIX_PATH=${CMAKE_PREFIX_PATH}:/home/kimhoyun/DARAM-G/install/rover_control:/home/kimhoyun/DARAM-G/install/daramg_bringup:/home/kimhoyun/DARAM-G/install/autonomous_exploration:/home/kimhoyun/DOK4/install/vtol_control:/home/kimhoyun/DOK4/install/multirotor_control:/home/kimhoyun/DOK4/install/fixedwing_control:/home/kimhoyun/DOK4/install/final_mission:/home/kimhoyun/DOK4/install/precisoin_landing:/opt/ros/humble /usr/bin/cmake --install /home/kimhoyun/DARAM-G/build/daramg_sim
[0.287s] Level 1:colcon.colcon_core.environment:create_environment_scripts_only(daramg_sim)
[0.287s] DEBUG:colcon.colcon_core.event_handler.log_command:Invoked command in '/home/kimhoyun/DARAM-G/build/daramg_sim' returned '0': CMAKE_PREFIX_PATH=${CMAKE_PREFIX_PATH}:/home/kimhoyun/DARAM-G/install/rover_control:/home/kimhoyun/DARAM-G/install/daramg_bringup:/home/kimhoyun/DARAM-G/install/autonomous_exploration:/home/kimhoyun/DOK4/install/vtol_control:/home/kimhoyun/DOK4/install/multirotor_control:/home/kimhoyun/DOK4/install/fixedwing_control:/home/kimhoyun/DOK4/install/final_mission:/home/kimhoyun/DOK4/install/precisoin_landing:/opt/ros/humble /usr/bin/cmake --install /home/kimhoyun/DARAM-G/build/daramg_sim
[0.289s] Level 1:colcon.colcon_core.environment:checking '/home/kimhoyun/DARAM-G/install/daramg_sim' for CMake module files
[0.290s] Level 1:colcon.colcon_core.environment:checking '/home/kimhoyun/DARAM-G/install/daramg_sim' for CMake config files
[0.290s] Level 1:colcon.colcon_core.shell:create_environment_hook('daramg_sim', 'cmake_prefix_path')
[0.290s] INFO:colcon.colcon_core.shell:Creating environment hook '/home/kimhoyun/DARAM-G/install/daramg_sim/share/daramg_sim/hook/cmake_prefix_path.ps1'
[0.291s] INFO:colcon.colcon_core.shell:Creating environment descriptor '/home/kimhoyun/DARAM-G/install/daramg_sim/share/daramg_sim/hook/cmake_prefix_path.dsv'
[0.291s] INFO:colcon.colcon_core.shell:Creating environment hook '/home/kimhoyun/DARAM-G/install/daramg_sim/share/daramg_sim/hook/cmake_prefix_path.sh'
[0.292s] Level 1:colcon.colcon_core.environment:checking '/home/kimhoyun/DARAM-G/install/daramg_sim/bin'
[0.292s] Level 1:colcon.colcon_core.environment:checking '/home/kimhoyun/DARAM-G/install/daramg_sim/lib/pkgconfig/daramg_sim.pc'
[0.292s] Level 1:colcon.colcon_core.environment:checking '/home/kimhoyun/DARAM-G/install/daramg_sim/lib/python3.10/site-packages'
[0.292s] Level 1:colcon.colcon_core.environment:checking '/home/kimhoyun/DARAM-G/install/daramg_sim/bin'
[0.292s] INFO:colcon.colcon_core.shell:Creating package script '/home/kimhoyun/DARAM-G/install/daramg_sim/share/daramg_sim/package.ps1'
[0.293s] INFO:colcon.colcon_core.shell:Creating package descriptor '/home/kimhoyun/DARAM-G/install/daramg_sim/share/daramg_sim/package.dsv'
[0.293s] INFO:colcon.colcon_core.shell:Creating package script '/home/kimhoyun/DARAM-G/install/daramg_sim/share/daramg_sim/package.sh'
[0.294s] INFO:colcon.colcon_core.shell:Creating package script '/home/kimhoyun/DARAM-G/install/daramg_sim/share/daramg_sim/package.bash'
[0.295s] INFO:colcon.colcon_core.shell:Creating package script '/home/kimhoyun/DARAM-G/install/daramg_sim/share/daramg_sim/package.zsh'
[0.295s] Level 1:colcon.colcon_core.environment:create_file_with_runtime_dependencies(/home/kimhoyun/DARAM-G/install/daramg_sim/share/colcon-core/packages/daramg_sim)
[0.295s] Level 1:colcon.colcon_core.environment:create_environment_scripts_only(daramg_sim)
[0.296s] Level 1:colcon.colcon_core.environment:checking '/home/kimhoyun/DARAM-G/install/daramg_sim' for CMake module files
[0.296s] Level 1:colcon.colcon_core.environment:checking '/home/kimhoyun/DARAM-G/install/daramg_sim' for CMake config files
[0.296s] Level 1:colcon.colcon_core.shell:create_environment_hook('daramg_sim', 'cmake_prefix_path')
[0.296s] INFO:colcon.colcon_core.shell:Creating environment hook '/home/kimhoyun/DARAM-G/install/daramg_sim/share/daramg_sim/hook/cmake_prefix_path.ps1'
[0.297s] INFO:colcon.colcon_core.shell:Creating environment descriptor '/home/kimhoyun/DARAM-G/install/daramg_sim/share/daramg_sim/hook/cmake_prefix_path.dsv'
[0.297s] INFO:colcon.colcon_core.shell:Creating environment hook '/home/kimhoyun/DARAM-G/install/daramg_sim/share/daramg_sim/hook/cmake_prefix_path.sh'
[0.297s] Level 1:colcon.colcon_core.environment:checking '/home/kimhoyun/DARAM-G/install/daramg_sim/bin'
[0.297s] Level 1:colcon.colcon_core.environment:checking '/home/kimhoyun/DARAM-G/install/daramg_sim/lib/pkgconfig/daramg_sim.pc'
[0.297s] Level 1:colcon.colcon_core.environment:checking '/home/kimhoyun/DARAM-G/install/daramg_sim/lib/python3.10/site-packages'
[0.297s] Level 1:colcon.colcon_core.environment:checking '/home/kimhoyun/DARAM-G/install/daramg_sim/bin'
[0.298s] INFO:colcon.colcon_core.shell:Creating package script '/home/kimhoyun/DARAM-G/install/daramg_sim/share/daramg_sim/package.ps1'
[0.298s] INFO:colcon.colcon_core.shell:Creating package descriptor '/home/kimhoyun/DARAM-G/install/daramg_sim/share/daramg_sim/package.dsv'
[0.298s] INFO:colcon.colcon_core.shell:Creating package script '/home/kimhoyun/DARAM-G/install/daramg_sim/share/daramg_sim/package.sh'
[0.299s] INFO:colcon.colcon_core.shell:Creating package script '/home/kimhoyun/DARAM-G/install/daramg_sim/share/daramg_sim/package.bash'
[0.299s] INFO:colcon.colcon_core.shell:Creating package script '/home/kimhoyun/DARAM-G/install/daramg_sim/share/daramg_sim/package.zsh'
[0.299s] Level 1:colcon.colcon_core.environment:create_file_with_runtime_dependencies(/home/kimhoyun/DARAM-G/install/daramg_sim/share/colcon-core/packages/daramg_sim)
[0.299s] DEBUG:colcon.colcon_parallel_executor.executor.parallel:closing loop
[0.300s] DEBUG:colcon.colcon_parallel_executor.executor.parallel:loop closed
[0.300s] DEBUG:colcon.colcon_parallel_executor.executor.parallel:run_until_complete finished with '0'
[0.300s] DEBUG:colcon.colcon_core.event_reactor:joining thread
[0.315s] INFO:colcon.colcon_core.plugin_system:Skipping extension 'colcon_notification.desktop_notification.terminal_notifier': Not used on non-Darwin systems
[0.315s] INFO:colcon.colcon_core.plugin_system:Skipping extension 'colcon_notification.desktop_notification.win32': Not used on non-Windows systems
[0.315s] INFO:colcon.colcon_notification.desktop_notification:Sending desktop notification using 'notify2'
[0.324s] DEBUG:colcon.colcon_core.event_reactor:joined thread
[0.325s] INFO:colcon.colcon_core.shell:Creating prefix script '/home/kimhoyun/DARAM-G/install/local_setup.ps1'
[0.325s] INFO:colcon.colcon_core.shell:Creating prefix util module '/home/kimhoyun/DARAM-G/install/_local_setup_util_ps1.py'
[0.326s] INFO:colcon.colcon_core.shell:Creating prefix chain script '/home/kimhoyun/DARAM-G/install/setup.ps1'
[0.328s] INFO:colcon.colcon_core.shell:Creating prefix script '/home/kimhoyun/DARAM-G/install/local_setup.sh'
[0.329s] INFO:colcon.colcon_core.shell:Creating prefix util module '/home/kimhoyun/DARAM-G/install/_local_setup_util_sh.py'
[0.329s] INFO:colcon.colcon_core.shell:Creating prefix chain script '/home/kimhoyun/DARAM-G/install/setup.sh'
[0.330s] INFO:colcon.colcon_core.shell:Creating prefix script '/home/kimhoyun/DARAM-G/install/local_setup.bash'
[0.331s] INFO:colcon.colcon_core.shell:Creating prefix chain script '/home/kimhoyun/DARAM-G/install/setup.bash'
[0.332s] INFO:colcon.colcon_core.shell:Creating prefix script '/home/kimhoyun/DARAM-G/install/local_setup.zsh'
[0.333s] INFO:colcon.colcon_core.shell:Creating prefix chain script '/home/kimhoyun/DARAM-G/install/setup.zsh'
