[0.008s] Invoking command in '/home/kimhoyun/DARAM-G/build/daramg_sim': CMAKE_PREFIX_PATH=/opt/ros/humble /usr/bin/cmake /home/kimhoyun/DARAM-G/src/daramg_sim -DCMAKE_INSTALL_PREFIX=/home/kimhoyun/DARAM-G/install/daramg_sim
[0.077s] -- The C compiler identification is GNU 11.4.0
[0.137s] -- The CXX compiler identification is GNU 11.4.0
[0.145s] -- Detecting C compiler ABI info
[0.201s] -- Detecting C compiler ABI info - done
[0.206s] -- Check for working C compiler: /usr/bin/cc - skipped
[0.207s] -- Detecting C compile features
[0.207s] -- Detecting C compile features - done
[0.210s] -- Detecting CXX compiler ABI info
[0.277s] -- Detecting CXX compiler ABI info - done
[0.282s] -- Check for working CXX compiler: /usr/bin/c++ - skipped
[0.282s] -- Detecting CXX compile features
[0.283s] -- Detecting CXX compile features - done
[0.288s] -- Found ament_cmake: 1.3.11 (/opt/ros/humble/share/ament_cmake/cmake)
[0.602s] -- Found Python3: /usr/bin/python3 (found version "3.10.12") found components: Interpreter 
[0.688s] -- Found rclcpp: 16.0.12 (/opt/ros/humble/share/rclcpp/cmake)
[0.733s] -- Found rosidl_generator_c: 3.1.6 (/opt/ros/humble/share/rosidl_generator_c/cmake)
[0.738s] -- Found rosidl_adapter: 3.1.6 (/opt/ros/humble/share/rosidl_adapter/cmake)
[0.747s] -- Found rosidl_generator_cpp: 3.1.6 (/opt/ros/humble/share/rosidl_generator_cpp/cmake)
[0.759s] -- Using all available rosidl_typesupport_c: rosidl_typesupport_fastrtps_c;rosidl_typesupport_introspection_c
[0.774s] -- Using all available rosidl_typesupport_cpp: rosidl_typesupport_fastrtps_cpp;rosidl_typesupport_introspection_cpp
[0.817s] -- Found rmw_implementation_cmake: 6.1.2 (/opt/ros/humble/share/rmw_implementation_cmake/cmake)
[0.820s] -- Found rmw_fastrtps_cpp: 6.2.7 (/opt/ros/humble/share/rmw_fastrtps_cpp/cmake)
[0.901s] -- Found OpenSSL: /usr/lib/x86_64-linux-gnu/libcrypto.so (found version "3.0.2")  
[0.930s] -- Found FastRTPS: /opt/ros/humble/include  
[0.975s] -- Using RMW implementation 'rmw_fastrtps_cpp' as default
[0.986s] -- Looking for pthread.h
[1.065s] -- Looking for pthread.h - found
[1.066s] -- Performing Test CMAKE_HAVE_LIBC_PTHREAD
[1.147s] -- Performing Test CMAKE_HAVE_LIBC_PTHREAD - Success
[1.149s] -- Found Threads: TRUE  
[1.201s] -- Found ament_lint_auto: 0.12.12 (/opt/ros/humble/share/ament_lint_auto/cmake)
[1.280s] -- Added test 'flake8' to check Python code syntax and style conventions
[1.280s] -- Added test 'lint_cmake' to check CMake code style
[1.281s] -- Added test 'pep257' to check Python code against some of the docstring style conventions in PEP 257
[1.282s] -- Added test 'xmllint' to check XML markup files
[1.284s] -- Configuring done
[1.290s] -- Generating done
[1.292s] -- Build files have been written to: /home/kimhoyun/DARAM-G/build/daramg_sim
[1.309s] Invoked command in '/home/kimhoyun/DARAM-G/build/daramg_sim' returned '0': CMAKE_PREFIX_PATH=/opt/ros/humble /usr/bin/cmake /home/kimhoyun/DARAM-G/src/daramg_sim -DCMAKE_INSTALL_PREFIX=/home/kimhoyun/DARAM-G/install/daramg_sim
[1.312s] Invoking command in '/home/kimhoyun/DARAM-G/build/daramg_sim': CMAKE_PREFIX_PATH=/opt/ros/humble /usr/bin/cmake --build /home/kimhoyun/DARAM-G/build/daramg_sim -- -j16 -l16
[1.360s] Invoked command in '/home/kimhoyun/DARAM-G/build/daramg_sim' returned '0': CMAKE_PREFIX_PATH=/opt/ros/humble /usr/bin/cmake --build /home/kimhoyun/DARAM-G/build/daramg_sim -- -j16 -l16
[1.372s] Invoking command in '/home/kimhoyun/DARAM-G/build/daramg_sim': CMAKE_PREFIX_PATH=/opt/ros/humble /usr/bin/cmake --install /home/kimhoyun/DARAM-G/build/daramg_sim
[1.381s] -- Install configuration: ""
[1.381s] -- Installing: /home/kimhoyun/DARAM-G/install/daramg_sim/share/daramg_sim/launch
[1.381s] -- Installing: /home/kimhoyun/DARAM-G/install/daramg_sim/share/daramg_sim/launch/spawn_robot.launch.py
[1.381s] -- Installing: /home/kimhoyun/DARAM-G/install/daramg_sim/share/daramg_sim/launch/world.launch.py
[1.382s] -- Installing: /home/kimhoyun/DARAM-G/install/daramg_sim/share/daramg_sim/urdf
[1.382s] -- Installing: /home/kimhoyun/DARAM-G/install/daramg_sim/share/daramg_sim/urdf/inertial_macros.xacro
[1.382s] -- Installing: /home/kimhoyun/DARAM-G/install/daramg_sim/share/daramg_sim/urdf/RGB_D.xacro
[1.382s] -- Installing: /home/kimhoyun/DARAM-G/install/daramg_sim/share/daramg_sim/urdf/diff_drive.gazebo
[1.382s] -- Installing: /home/kimhoyun/DARAM-G/install/daramg_sim/share/daramg_sim/urdf/materials.xacro
[1.382s] -- Installing: /home/kimhoyun/DARAM-G/install/daramg_sim/share/daramg_sim/urdf/simple_rover.gazebo
[1.382s] -- Installing: /home/kimhoyun/DARAM-G/install/daramg_sim/share/daramg_sim/urdf/2Dlidar.xacro
[1.382s] -- Installing: /home/kimhoyun/DARAM-G/install/daramg_sim/share/daramg_sim/urdf/simple_rover.urdf
[1.382s] -- Installing: /home/kimhoyun/DARAM-G/install/daramg_sim/share/daramg_sim/urdf/imu.xacro
[1.382s] -- Installing: /home/kimhoyun/DARAM-G/install/daramg_sim/share/daramg_sim/meshes
[1.383s] -- Installing: /home/kimhoyun/DARAM-G/install/daramg_sim/share/daramg_sim/rviz
[1.383s] -- Installing: /home/kimhoyun/DARAM-G/install/daramg_sim/share/daramg_sim/rviz/rviz.rviz
[1.383s] -- Installing: /home/kimhoyun/DARAM-G/install/daramg_sim/share/daramg_sim/worlds
[1.383s] -- Installing: /home/kimhoyun/DARAM-G/install/daramg_sim/share/daramg_sim/worlds/home.sdf
[1.383s] -- Installing: /home/kimhoyun/DARAM-G/install/daramg_sim/share/daramg_sim/worlds/empty.sdf
[1.383s] -- Installing: /home/kimhoyun/DARAM-G/install/daramg_sim/share/daramg_sim/worlds/world.sdf
[1.383s] -- Installing: /home/kimhoyun/DARAM-G/install/daramg_sim/share/ament_index/resource_index/package_run_dependencies/daramg_sim
[1.383s] -- Installing: /home/kimhoyun/DARAM-G/install/daramg_sim/share/ament_index/resource_index/parent_prefix_path/daramg_sim
[1.383s] -- Installing: /home/kimhoyun/DARAM-G/install/daramg_sim/share/daramg_sim/environment/ament_prefix_path.sh
[1.384s] -- Installing: /home/kimhoyun/DARAM-G/install/daramg_sim/share/daramg_sim/environment/ament_prefix_path.dsv
[1.384s] -- Installing: /home/kimhoyun/DARAM-G/install/daramg_sim/share/daramg_sim/environment/path.sh
[1.384s] -- Installing: /home/kimhoyun/DARAM-G/install/daramg_sim/share/daramg_sim/environment/path.dsv
[1.384s] -- Installing: /home/kimhoyun/DARAM-G/install/daramg_sim/share/daramg_sim/local_setup.bash
[1.384s] -- Installing: /home/kimhoyun/DARAM-G/install/daramg_sim/share/daramg_sim/local_setup.sh
[1.384s] -- Installing: /home/kimhoyun/DARAM-G/install/daramg_sim/share/daramg_sim/local_setup.zsh
[1.384s] -- Installing: /home/kimhoyun/DARAM-G/install/daramg_sim/share/daramg_sim/local_setup.dsv
[1.385s] -- Installing: /home/kimhoyun/DARAM-G/install/daramg_sim/share/daramg_sim/package.dsv
[1.385s] -- Installing: /home/kimhoyun/DARAM-G/install/daramg_sim/share/ament_index/resource_index/packages/daramg_sim
[1.385s] -- Installing: /home/kimhoyun/DARAM-G/install/daramg_sim/share/daramg_sim/cmake/daramg_simConfig.cmake
[1.385s] -- Installing: /home/kimhoyun/DARAM-G/install/daramg_sim/share/daramg_sim/cmake/daramg_simConfig-version.cmake
[1.385s] -- Installing: /home/kimhoyun/DARAM-G/install/daramg_sim/share/daramg_sim/package.xml
[1.389s] Invoked command in '/home/kimhoyun/DARAM-G/build/daramg_sim' returned '0': CMAKE_PREFIX_PATH=/opt/ros/humble /usr/bin/cmake --install /home/kimhoyun/DARAM-G/build/daramg_sim
