-- Install configuration: ""
-- Execute custom install script
-- Up-to-date symlink: /home/kimhoyun/DARAM-G/install/daramg_sim/share/daramg_sim/launch/rtab_map.launch.py
-- Up-to-date symlink: /home/kimhoyun/DARAM-G/install/daramg_sim/share/daramg_sim/launch/spawn_robot.launch.py
-- Up-to-date symlink: /home/kimhoyun/DARAM-G/install/daramg_sim/share/daramg_sim/launch/world.launch.py
-- Up-to-date symlink: /home/kimhoyun/DARAM-G/install/daramg_sim/share/daramg_sim/urdf/2Dlidar.xacro
-- Up-to-date symlink: /home/kimhoyun/DARAM-G/install/daramg_sim/share/daramg_sim/urdf/RGB_D.xacro
-- Up-to-date symlink: /home/kimhoyun/DARAM-G/install/daramg_sim/share/daramg_sim/urdf/diff_drive.gazebo
-- Up-to-date symlink: /home/kimhoyun/DARAM-G/install/daramg_sim/share/daramg_sim/urdf/imu.xacro
-- Up-to-date symlink: /home/kimhoyun/DARAM-G/install/daramg_sim/share/daramg_sim/urdf/inertial_macros.xacro
-- Up-to-date symlink: /home/kimhoyun/DARAM-G/install/daramg_sim/share/daramg_sim/urdf/materials.xacro
-- Up-to-date symlink: /home/kimhoyun/DARAM-G/install/daramg_sim/share/daramg_sim/urdf/simple_rover.gazebo
-- Up-to-date symlink: /home/kimhoyun/DARAM-G/install/daramg_sim/share/daramg_sim/urdf/simple_rover.urdf
-- Up-to-date symlink: /home/kimhoyun/DARAM-G/install/daramg_sim/share/daramg_sim/rviz/rviz.rviz
-- Up-to-date symlink: /home/kimhoyun/DARAM-G/install/daramg_sim/share/daramg_sim/worlds/empty.sdf
-- Up-to-date symlink: /home/kimhoyun/DARAM-G/install/daramg_sim/share/daramg_sim/worlds/home.sdf
-- Up-to-date symlink: /home/kimhoyun/DARAM-G/install/daramg_sim/share/daramg_sim/worlds/maze.sdf
-- Up-to-date symlink: /home/kimhoyun/DARAM-G/install/daramg_sim/share/daramg_sim/worlds/world.sdf
-- Up-to-date symlink: /home/kimhoyun/DARAM-G/install/daramg_sim/share/daramg_sim/config/MXswitch.config.yaml
-- Up-to-date symlink: /home/kimhoyun/DARAM-G/install/daramg_sim/share/ament_index/resource_index/package_run_dependencies/daramg_sim
-- Up-to-date symlink: /home/kimhoyun/DARAM-G/install/daramg_sim/share/ament_index/resource_index/parent_prefix_path/daramg_sim
-- Up-to-date symlink: /home/kimhoyun/DARAM-G/install/daramg_sim/share/daramg_sim/environment/ament_prefix_path.sh
-- Up-to-date symlink: /home/kimhoyun/DARAM-G/install/daramg_sim/share/daramg_sim/environment/ament_prefix_path.dsv
-- Up-to-date symlink: /home/kimhoyun/DARAM-G/install/daramg_sim/share/daramg_sim/environment/path.sh
-- Up-to-date symlink: /home/kimhoyun/DARAM-G/install/daramg_sim/share/daramg_sim/environment/path.dsv
-- Up-to-date symlink: /home/kimhoyun/DARAM-G/install/daramg_sim/share/daramg_sim/local_setup.bash
-- Up-to-date symlink: /home/kimhoyun/DARAM-G/install/daramg_sim/share/daramg_sim/local_setup.sh
-- Up-to-date symlink: /home/kimhoyun/DARAM-G/install/daramg_sim/share/daramg_sim/local_setup.zsh
-- Up-to-date symlink: /home/kimhoyun/DARAM-G/install/daramg_sim/share/daramg_sim/local_setup.dsv
-- Symlinking: /home/kimhoyun/DARAM-G/install/daramg_sim/share/daramg_sim/package.dsv
-- Up-to-date symlink: /home/kimhoyun/DARAM-G/install/daramg_sim/share/ament_index/resource_index/packages/daramg_sim
-- Up-to-date symlink: /home/kimhoyun/DARAM-G/install/daramg_sim/share/daramg_sim/cmake/daramg_simConfig.cmake
-- Up-to-date symlink: /home/kimhoyun/DARAM-G/install/daramg_sim/share/daramg_sim/cmake/daramg_simConfig-version.cmake
-- Up-to-date symlink: /home/kimhoyun/DARAM-G/install/daramg_sim/share/daramg_sim/package.xml
