[0.414s] Invoking command in '/home/kimhoyun/DARAM-G/build/daramg_sim': CMAKE_PREFIX_PATH=${CMAKE_PREFIX_PATH}:/home/kimhoyun/DOK4/install/vtol_control:/home/kimhoyun/DOK4/install/multirotor_control:/home/kimhoyun/DOK4/install/fixedwing_control:/home/kimhoyun/DOK4/install/final_mission:/home/kimhoyun/DOK4/install/precisoin_landing:/opt/ros/humble /usr/bin/cmake /home/kimhoyun/DARAM-G/src/daramg_sim -DAMENT_CMAKE_SYMLINK_INSTALL=1 -DCMAKE_INSTALL_PREFIX=/home/kimhoyun/DARAM-G/install/daramg_sim
[0.426s] -- Found ament_cmake: 1.3.11 (/opt/ros/humble/share/ament_cmake/cmake)
[0.548s] -- Override CMake install command with custom implementation using symlinks instead of copying resources
[0.555s] -- Found rclcpp: 16.0.12 (/opt/ros/humble/share/rclcpp/cmake)
[0.581s] -- Found rosidl_generator_c: 3.1.6 (/opt/ros/humble/share/rosidl_generator_c/cmake)
[0.583s] -- Found rosidl_adapter: 3.1.6 (/opt/ros/humble/share/rosidl_adapter/cmake)
[0.587s] -- Found rosidl_generator_cpp: 3.1.6 (/opt/ros/humble/share/rosidl_generator_cpp/cmake)
[0.596s] -- Using all available rosidl_typesupport_c: rosidl_typesupport_fastrtps_c;rosidl_typesupport_introspection_c
[0.606s] -- Using all available rosidl_typesupport_cpp: rosidl_typesupport_fastrtps_cpp;rosidl_typesupport_introspection_cpp
[0.634s] -- Found rmw_implementation_cmake: 6.1.2 (/opt/ros/humble/share/rmw_implementation_cmake/cmake)
[0.636s] -- Found rmw_fastrtps_cpp: 6.2.7 (/opt/ros/humble/share/rmw_fastrtps_cpp/cmake)
[0.760s] -- Using RMW implementation 'rmw_fastrtps_cpp' as default
[0.802s] -- Found ament_lint_auto: 0.12.12 (/opt/ros/humble/share/ament_lint_auto/cmake)
[0.880s] -- Added test 'flake8' to check Python code syntax and style conventions
[0.880s] -- Added test 'lint_cmake' to check CMake code style
[0.881s] -- Added test 'pep257' to check Python code against some of the docstring style conventions in PEP 257
[0.882s] -- Added test 'xmllint' to check XML markup files
[0.883s] -- Configuring done
[0.888s] -- Generating done
[0.890s] -- Build files have been written to: /home/kimhoyun/DARAM-G/build/daramg_sim
[0.898s] Invoked command in '/home/kimhoyun/DARAM-G/build/daramg_sim' returned '0': CMAKE_PREFIX_PATH=${CMAKE_PREFIX_PATH}:/home/kimhoyun/DOK4/install/vtol_control:/home/kimhoyun/DOK4/install/multirotor_control:/home/kimhoyun/DOK4/install/fixedwing_control:/home/kimhoyun/DOK4/install/final_mission:/home/kimhoyun/DOK4/install/precisoin_landing:/opt/ros/humble /usr/bin/cmake /home/kimhoyun/DARAM-G/src/daramg_sim -DAMENT_CMAKE_SYMLINK_INSTALL=1 -DCMAKE_INSTALL_PREFIX=/home/kimhoyun/DARAM-G/install/daramg_sim
[0.900s] Invoking command in '/home/kimhoyun/DARAM-G/build/daramg_sim': CMAKE_PREFIX_PATH=${CMAKE_PREFIX_PATH}:/home/kimhoyun/DOK4/install/vtol_control:/home/kimhoyun/DOK4/install/multirotor_control:/home/kimhoyun/DOK4/install/fixedwing_control:/home/kimhoyun/DOK4/install/final_mission:/home/kimhoyun/DOK4/install/precisoin_landing:/opt/ros/humble /usr/bin/cmake --build /home/kimhoyun/DARAM-G/build/daramg_sim -- -j16 -l16
[0.947s] Invoked command in '/home/kimhoyun/DARAM-G/build/daramg_sim' returned '0': CMAKE_PREFIX_PATH=${CMAKE_PREFIX_PATH}:/home/kimhoyun/DOK4/install/vtol_control:/home/kimhoyun/DOK4/install/multirotor_control:/home/kimhoyun/DOK4/install/fixedwing_control:/home/kimhoyun/DOK4/install/final_mission:/home/kimhoyun/DOK4/install/precisoin_landing:/opt/ros/humble /usr/bin/cmake --build /home/kimhoyun/DARAM-G/build/daramg_sim -- -j16 -l16
[0.958s] Invoking command in '/home/kimhoyun/DARAM-G/build/daramg_sim': CMAKE_PREFIX_PATH=${CMAKE_PREFIX_PATH}:/home/kimhoyun/DOK4/install/vtol_control:/home/kimhoyun/DOK4/install/multirotor_control:/home/kimhoyun/DOK4/install/fixedwing_control:/home/kimhoyun/DOK4/install/final_mission:/home/kimhoyun/DOK4/install/precisoin_landing:/opt/ros/humble /usr/bin/cmake --install /home/kimhoyun/DARAM-G/build/daramg_sim
[0.966s] -- Install configuration: ""
[0.966s] -- Execute custom install script
[0.966s] -- Symlinking: /home/kimhoyun/DARAM-G/install/daramg_sim/share/daramg_sim/launch/spawn_robot.launch.py
[0.976s] -- Symlinking: /home/kimhoyun/DARAM-G/install/daramg_sim/share/daramg_sim/launch/world.launch.py
[0.986s] -- Symlinking: /home/kimhoyun/DARAM-G/install/daramg_sim/share/daramg_sim/urdf/2Dlidar.xacro
[0.997s] -- Symlinking: /home/kimhoyun/DARAM-G/install/daramg_sim/share/daramg_sim/urdf/RGB_D.xacro
[1.012s] -- Symlinking: /home/kimhoyun/DARAM-G/install/daramg_sim/share/daramg_sim/urdf/diff_drive.gazebo
[1.024s] -- Symlinking: /home/kimhoyun/DARAM-G/install/daramg_sim/share/daramg_sim/urdf/imu.xacro
[1.034s] -- Symlinking: /home/kimhoyun/DARAM-G/install/daramg_sim/share/daramg_sim/urdf/inertial_macros.xacro
[1.045s] -- Symlinking: /home/kimhoyun/DARAM-G/install/daramg_sim/share/daramg_sim/urdf/materials.xacro
[1.055s] -- Symlinking: /home/kimhoyun/DARAM-G/install/daramg_sim/share/daramg_sim/urdf/simple_rover.gazebo
[1.065s] -- Symlinking: /home/kimhoyun/DARAM-G/install/daramg_sim/share/daramg_sim/urdf/simple_rover.urdf
[1.075s] -- Symlinking: /home/kimhoyun/DARAM-G/install/daramg_sim/share/daramg_sim/rviz/rviz.rviz
[1.086s] -- Symlinking: /home/kimhoyun/DARAM-G/install/daramg_sim/share/daramg_sim/worlds/empty.sdf
[1.096s] -- Symlinking: /home/kimhoyun/DARAM-G/install/daramg_sim/share/daramg_sim/worlds/home.sdf
[1.111s] -- Symlinking: /home/kimhoyun/DARAM-G/install/daramg_sim/share/daramg_sim/worlds/world.sdf
[1.126s] -- Symlinking: /home/kimhoyun/DARAM-G/install/daramg_sim/share/daramg_sim/config/MXswitch.config.yaml
[1.138s] -- Symlinking: /home/kimhoyun/DARAM-G/install/daramg_sim/share/ament_index/resource_index/package_run_dependencies/daramg_sim
[1.149s] -- Symlinking: /home/kimhoyun/DARAM-G/install/daramg_sim/share/ament_index/resource_index/parent_prefix_path/daramg_sim
[1.159s] -- Symlinking: /home/kimhoyun/DARAM-G/install/daramg_sim/share/daramg_sim/environment/ament_prefix_path.sh
[1.169s] -- Symlinking: /home/kimhoyun/DARAM-G/install/daramg_sim/share/daramg_sim/environment/ament_prefix_path.dsv
[1.178s] -- Symlinking: /home/kimhoyun/DARAM-G/install/daramg_sim/share/daramg_sim/environment/path.sh
[1.198s] -- Symlinking: /home/kimhoyun/DARAM-G/install/daramg_sim/share/daramg_sim/environment/path.dsv
[1.199s] -- Symlinking: /home/kimhoyun/DARAM-G/install/daramg_sim/share/daramg_sim/local_setup.bash
[1.211s] -- Symlinking: /home/kimhoyun/DARAM-G/install/daramg_sim/share/daramg_sim/local_setup.sh
[1.223s] -- Symlinking: /home/kimhoyun/DARAM-G/install/daramg_sim/share/daramg_sim/local_setup.zsh
[1.237s] -- Symlinking: /home/kimhoyun/DARAM-G/install/daramg_sim/share/daramg_sim/local_setup.dsv
[1.248s] -- Symlinking: /home/kimhoyun/DARAM-G/install/daramg_sim/share/daramg_sim/package.dsv
[1.258s] -- Symlinking: /home/kimhoyun/DARAM-G/install/daramg_sim/share/ament_index/resource_index/packages/daramg_sim
[1.268s] -- Symlinking: /home/kimhoyun/DARAM-G/install/daramg_sim/share/daramg_sim/cmake/daramg_simConfig.cmake
[1.278s] -- Symlinking: /home/kimhoyun/DARAM-G/install/daramg_sim/share/daramg_sim/cmake/daramg_simConfig-version.cmake
[1.288s] -- Symlinking: /home/kimhoyun/DARAM-G/install/daramg_sim/share/daramg_sim/package.xml
[1.300s] Invoked command in '/home/kimhoyun/DARAM-G/build/daramg_sim' returned '0': CMAKE_PREFIX_PATH=${CMAKE_PREFIX_PATH}:/home/kimhoyun/DOK4/install/vtol_control:/home/kimhoyun/DOK4/install/multirotor_control:/home/kimhoyun/DOK4/install/fixedwing_control:/home/kimhoyun/DOK4/install/final_mission:/home/kimhoyun/DOK4/install/precisoin_landing:/opt/ros/humble /usr/bin/cmake --install /home/kimhoyun/DARAM-G/build/daramg_sim
