[0.014s] Invoking command in '/home/kimhoyun/DARAM-G/build/daramg_sim': CMAKE_PREFIX_PATH=${CMAKE_PREFIX_PATH}:/home/kimhoyun/DARAM-G/install/rover_control:/home/kimhoyun/DARAM-G/install/daramg_bringup:/home/kimhoyun/DARAM-G/install/autonomous_exploration:/home/kimhoyun/DOK4/install/vtol_control:/home/kimhoyun/DOK4/install/multirotor_control:/home/kimhoyun/DOK4/install/fixedwing_control:/home/kimhoyun/DOK4/install/final_mission:/home/kimhoyun/DOK4/install/precisoin_landing:/opt/ros/humble /usr/bin/cmake /home/kimhoyun/DARAM-G/src/daramg_sim -DCMAKE_INSTALL_PREFIX=/home/kimhoyun/DARAM-G/install/daramg_sim
[0.034s] -- Found ament_cmake: 1.3.11 (/opt/ros/humble/share/ament_cmake/cmake)
[0.156s] -- Override CMake install command with custom implementation using symlinks instead of copying resources
[0.170s] -- Found rclcpp: 16.0.12 (/opt/ros/humble/share/rclcpp/cmake)
[0.204s] -- Found rosidl_generator_c: 3.1.6 (/opt/ros/humble/share/rosidl_generator_c/cmake)
[0.207s] -- Found rosidl_adapter: 3.1.6 (/opt/ros/humble/share/rosidl_adapter/cmake)
[0.215s] -- Found rosidl_generator_cpp: 3.1.6 (/opt/ros/humble/share/rosidl_generator_cpp/cmake)
[0.226s] -- Using all available rosidl_typesupport_c: rosidl_typesupport_fastrtps_c;rosidl_typesupport_introspection_c
[0.239s] -- Using all available rosidl_typesupport_cpp: rosidl_typesupport_fastrtps_cpp;rosidl_typesupport_introspection_cpp
[0.272s] -- Found rmw_implementation_cmake: 6.1.2 (/opt/ros/humble/share/rmw_implementation_cmake/cmake)
[0.275s] -- Found rmw_fastrtps_cpp: 6.2.7 (/opt/ros/humble/share/rmw_fastrtps_cpp/cmake)
[0.399s] -- Using RMW implementation 'rmw_fastrtps_cpp' as default
[0.448s] -- Found ament_lint_auto: 0.12.12 (/opt/ros/humble/share/ament_lint_auto/cmake)
[0.524s] -- Added test 'flake8' to check Python code syntax and style conventions
[0.524s] -- Added test 'lint_cmake' to check CMake code style
[0.525s] -- Added test 'pep257' to check Python code against some of the docstring style conventions in PEP 257
[0.526s] -- Added test 'xmllint' to check XML markup files
[0.528s] -- Configuring done
[0.533s] -- Generating done
[0.535s] -- Build files have been written to: /home/kimhoyun/DARAM-G/build/daramg_sim
[0.546s] Invoked command in '/home/kimhoyun/DARAM-G/build/daramg_sim' returned '0': CMAKE_PREFIX_PATH=${CMAKE_PREFIX_PATH}:/home/kimhoyun/DARAM-G/install/rover_control:/home/kimhoyun/DARAM-G/install/daramg_bringup:/home/kimhoyun/DARAM-G/install/autonomous_exploration:/home/kimhoyun/DOK4/install/vtol_control:/home/kimhoyun/DOK4/install/multirotor_control:/home/kimhoyun/DOK4/install/fixedwing_control:/home/kimhoyun/DOK4/install/final_mission:/home/kimhoyun/DOK4/install/precisoin_landing:/opt/ros/humble /usr/bin/cmake /home/kimhoyun/DARAM-G/src/daramg_sim -DCMAKE_INSTALL_PREFIX=/home/kimhoyun/DARAM-G/install/daramg_sim
[0.548s] Invoking command in '/home/kimhoyun/DARAM-G/build/daramg_sim': CMAKE_PREFIX_PATH=${CMAKE_PREFIX_PATH}:/home/kimhoyun/DARAM-G/install/rover_control:/home/kimhoyun/DARAM-G/install/daramg_bringup:/home/kimhoyun/DARAM-G/install/autonomous_exploration:/home/kimhoyun/DOK4/install/vtol_control:/home/kimhoyun/DOK4/install/multirotor_control:/home/kimhoyun/DOK4/install/fixedwing_control:/home/kimhoyun/DOK4/install/final_mission:/home/kimhoyun/DOK4/install/precisoin_landing:/opt/ros/humble /usr/bin/cmake --build /home/kimhoyun/DARAM-G/build/daramg_sim -- -j16 -l16
[0.586s] Invoked command in '/home/kimhoyun/DARAM-G/build/daramg_sim' returned '0': CMAKE_PREFIX_PATH=${CMAKE_PREFIX_PATH}:/home/kimhoyun/DARAM-G/install/rover_control:/home/kimhoyun/DARAM-G/install/daramg_bringup:/home/kimhoyun/DARAM-G/install/autonomous_exploration:/home/kimhoyun/DOK4/install/vtol_control:/home/kimhoyun/DOK4/install/multirotor_control:/home/kimhoyun/DOK4/install/fixedwing_control:/home/kimhoyun/DOK4/install/final_mission:/home/kimhoyun/DOK4/install/precisoin_landing:/opt/ros/humble /usr/bin/cmake --build /home/kimhoyun/DARAM-G/build/daramg_sim -- -j16 -l16
[0.597s] Invoking command in '/home/kimhoyun/DARAM-G/build/daramg_sim': CMAKE_PREFIX_PATH=${CMAKE_PREFIX_PATH}:/home/kimhoyun/DARAM-G/install/rover_control:/home/kimhoyun/DARAM-G/install/daramg_bringup:/home/kimhoyun/DARAM-G/install/autonomous_exploration:/home/kimhoyun/DOK4/install/vtol_control:/home/kimhoyun/DOK4/install/multirotor_control:/home/kimhoyun/DOK4/install/fixedwing_control:/home/kimhoyun/DOK4/install/final_mission:/home/kimhoyun/DOK4/install/precisoin_landing:/opt/ros/humble /usr/bin/cmake --install /home/kimhoyun/DARAM-G/build/daramg_sim
[0.603s] -- Install configuration: ""
[0.603s] -- Execute custom install script
[0.603s] -- Up-to-date symlink: /home/kimhoyun/DARAM-G/install/daramg_sim/share/daramg_sim/launch/spawn_robot.launch.py
[0.604s] -- Up-to-date symlink: /home/kimhoyun/DARAM-G/install/daramg_sim/share/daramg_sim/launch/world.launch.py
[0.604s] -- Up-to-date symlink: /home/kimhoyun/DARAM-G/install/daramg_sim/share/daramg_sim/urdf/2Dlidar.xacro
[0.604s] -- Up-to-date symlink: /home/kimhoyun/DARAM-G/install/daramg_sim/share/daramg_sim/urdf/RGB_D.xacro
[0.604s] -- Up-to-date symlink: /home/kimhoyun/DARAM-G/install/daramg_sim/share/daramg_sim/urdf/diff_drive.gazebo
[0.604s] -- Up-to-date symlink: /home/kimhoyun/DARAM-G/install/daramg_sim/share/daramg_sim/urdf/imu.xacro
[0.604s] -- Up-to-date symlink: /home/kimhoyun/DARAM-G/install/daramg_sim/share/daramg_sim/urdf/inertial_macros.xacro
[0.604s] -- Up-to-date symlink: /home/kimhoyun/DARAM-G/install/daramg_sim/share/daramg_sim/urdf/materials.xacro
[0.604s] -- Up-to-date symlink: /home/kimhoyun/DARAM-G/install/daramg_sim/share/daramg_sim/urdf/simple_rover.gazebo
[0.604s] -- Up-to-date symlink: /home/kimhoyun/DARAM-G/install/daramg_sim/share/daramg_sim/urdf/simple_rover.urdf
[0.604s] -- Up-to-date symlink: /home/kimhoyun/DARAM-G/install/daramg_sim/share/daramg_sim/rviz/rviz.rviz
[0.605s] -- Up-to-date symlink: /home/kimhoyun/DARAM-G/install/daramg_sim/share/daramg_sim/worlds/empty.sdf
[0.605s] -- Up-to-date symlink: /home/kimhoyun/DARAM-G/install/daramg_sim/share/daramg_sim/worlds/home.sdf
[0.605s] -- Symlinking: /home/kimhoyun/DARAM-G/install/daramg_sim/share/daramg_sim/worlds/maze.sdf
[0.617s] -- Up-to-date symlink: /home/kimhoyun/DARAM-G/install/daramg_sim/share/daramg_sim/worlds/world.sdf
[0.617s] -- Up-to-date symlink: /home/kimhoyun/DARAM-G/install/daramg_sim/share/daramg_sim/config/MXswitch.config.yaml
[0.617s] -- Up-to-date symlink: /home/kimhoyun/DARAM-G/install/daramg_sim/share/ament_index/resource_index/package_run_dependencies/daramg_sim
[0.617s] -- Up-to-date symlink: /home/kimhoyun/DARAM-G/install/daramg_sim/share/ament_index/resource_index/parent_prefix_path/daramg_sim
[0.618s] -- Up-to-date symlink: /home/kimhoyun/DARAM-G/install/daramg_sim/share/daramg_sim/environment/ament_prefix_path.sh
[0.618s] -- Up-to-date symlink: /home/kimhoyun/DARAM-G/install/daramg_sim/share/daramg_sim/environment/ament_prefix_path.dsv
[0.618s] -- Up-to-date symlink: /home/kimhoyun/DARAM-G/install/daramg_sim/share/daramg_sim/environment/path.sh
[0.618s] -- Up-to-date symlink: /home/kimhoyun/DARAM-G/install/daramg_sim/share/daramg_sim/environment/path.dsv
[0.618s] -- Up-to-date symlink: /home/kimhoyun/DARAM-G/install/daramg_sim/share/daramg_sim/local_setup.bash
[0.618s] -- Up-to-date symlink: /home/kimhoyun/DARAM-G/install/daramg_sim/share/daramg_sim/local_setup.sh
[0.618s] -- Up-to-date symlink: /home/kimhoyun/DARAM-G/install/daramg_sim/share/daramg_sim/local_setup.zsh
[0.618s] -- Up-to-date symlink: /home/kimhoyun/DARAM-G/install/daramg_sim/share/daramg_sim/local_setup.dsv
[0.618s] -- Symlinking: /home/kimhoyun/DARAM-G/install/daramg_sim/share/daramg_sim/package.dsv
[0.629s] -- Up-to-date symlink: /home/kimhoyun/DARAM-G/install/daramg_sim/share/ament_index/resource_index/packages/daramg_sim
[0.629s] -- Up-to-date symlink: /home/kimhoyun/DARAM-G/install/daramg_sim/share/daramg_sim/cmake/daramg_simConfig.cmake
[0.629s] -- Up-to-date symlink: /home/kimhoyun/DARAM-G/install/daramg_sim/share/daramg_sim/cmake/daramg_simConfig-version.cmake
[0.630s] -- Up-to-date symlink: /home/kimhoyun/DARAM-G/install/daramg_sim/share/daramg_sim/package.xml
[0.632s] Invoked command in '/home/kimhoyun/DARAM-G/build/daramg_sim' returned '0': CMAKE_PREFIX_PATH=${CMAKE_PREFIX_PATH}:/home/kimhoyun/DARAM-G/install/rover_control:/home/kimhoyun/DARAM-G/install/daramg_bringup:/home/kimhoyun/DARAM-G/install/autonomous_exploration:/home/kimhoyun/DOK4/install/vtol_control:/home/kimhoyun/DOK4/install/multirotor_control:/home/kimhoyun/DOK4/install/fixedwing_control:/home/kimhoyun/DOK4/install/final_mission:/home/kimhoyun/DOK4/install/precisoin_landing:/opt/ros/humble /usr/bin/cmake --install /home/kimhoyun/DARAM-G/build/daramg_sim
